/api/v1/39e71cb4/QckkK5fhQaXSrUf1?fallback=57458b19
/api/v1/a7b036bc/h_046kbkd00778?fallback=663fe974
/api/v1/a7b036bc/149rd00464?fallback=663fe974
/api/v1/5bca64dc/6FjX01ERDpIa4BJR?fallback=4e55daed&lang=ja&ip=112.137.123.6&ua=Mozilla%2F5.0+%28Windows+NT+10.0%3B+Win64%3B+x64%29+AppleWebKit%2F537.36+%28KHTML%2C+like+Gecko%29+Chrome%2F59.0.3071.115+Safari%2F537.36
/api/v1/a7b036bc/1sdnm00044?fallback=663fe974
/api/v1/2a50e0f4/Nmb3oYf03O8olcJ9?lang=ja-JP&ip=126.233.204.53&ua=Mozilla%2F5.0+%28iPhone%3B+CPU+iPhone+OS+10_3_2+like+Mac+OS+X%29+AppleWebKit%2F603.2.4+%28KHTML%2C+like+Gecko%29+Version%2F10.0+Mobile%2F14F89+Safari%2F602.1
/api/v1/a7b036bc/kar00850?fallback=663fe974
/api/v1/b11bb129/silkysall_0014?lang=ja&ip=133.155.197.132&ua=Mozilla%2F5.0+%28Windows+NT+10.0%3B+Win64%3B+x64%3B+rv%3A54.0%29+Gecko%2F20100101+Firefox%2F54.0&fallback=ce80381b
/api/v1/a7b036bc/juy00168?fallback=663fe974
/api/v1/5cg7urmw/53dv373?fallback=ydm3s27d
/api/v1/81b5e821/dvdms00098?fallback=61c14af7
/api/v1/a7b036bc/hunta00208?fallback=663fe974
/api/v1/a7b036bc/h_101gs01618?fallback=663fe974
/api/v1/a7b036bc/snis00566?fallback=663fe974
/api/v1/81b5e821/1dandy00557?fallback=61c14af7
/api/v1/9de50c7e/590736?lang=ja&ip=182.250.251.35&ua=Mozilla%2F5.0+%28iPhone%3B+CPU+iPhone+OS+10_3_2+like+Mac+OS+X%29+AppleWebKit%2F603.2.4+%28KHTML%2C+like+Gecko%29+Version%2F10.0+Mobile%2F14F89+Safari%2F602.1
/api/v1/dee6f4ac/b120ahit00334?lang=ja&ip=182.250.251.38&ua=Mozilla%252F5.0%2B%2528iPhone%253B%2BCPU%2BiPhone%2BOS%2B10_1_1%2Blike%2BMac%2BOS%2BX%2529%2BAppleWebKit%252F602.2.14%2B%2528KHTML%252C%2Blike%2BGecko%2529%2BVersion%252F10.0%2BMobile%252F14B150%2BSafari%252F602.1&fallback=5a85e889
/api/v1/a7b036bc/36doks00094?fallback=663fe974
/api/v1/a7b036bc/apae00052?fallback=663fe974
/api/v1/d1af04e9/8lhbrkIuXk7e8jvV?fallback=84f13f06
/api/v1/a7b036bc/mide00430?fallback=663fe974
/api/v1/a7b036bc/migd00732?fallback=663fe974
/api/v1/81b5e821/cmc00174?fallback=61c14af7
/api/v1/81b5e821/18sprd00741?fallback=61c14af7
/api/v1/baae349b/D4tx00GsmRjS1DKb?fallback=1e72cf8a
/api/v1/d1af04e9/yvVAOl5bNLsbagLm?fallback=84f13f06
/api/v1/a7b036bc/gtal00011?fallback=663fe974
/api/v1/a7b036bc/h_188nfdm00482?fallback=663fe974
/api/v1/dee6f4ac/b164aisis00481?lang=ja&ip=42.124.156.162&ua=Mozilla%252F5.0%2B%2528iPod%2Btouch%253B%2BCPU%2BiPhone%2BOS%2B10_3_1%2Blike%2BMac%2BOS%2BX%2529%2BAppleWebKit%252F603.1.30%2B%2528KHTML%252C%2Blike%2BGecko%2529%2BMobile%252F14E304%2BYJApp-IOS%2Bjp.co.yahoo.ipn.appli%252F4.3.3&fallback=5a85e889
/api/v1/47fd24f5/UXU4DwV2j3DZ9hhN?fallback=909b136b
/api/v1/a7b036bc/meyd00272?fallback=663fe974
/api/v1/81b5e821/1sw00373?fallback=61c14af7
/api/v1/b0394709340611e5ae2a77088601f7fd/84okax00227?lang=en&ip=139.195.151.234&ua=Mozilla%2F5.0+%28Linux%3B+Android+6.0.1%3B+ASUS_Z00UD+Build%2FMMB29P%29+AppleWebKit%2F537.36+%28KHTML%2C+like+Gecko%29+Chrome%2F59.0.3071.125+Mobile+Safari%2F537.36&fallback=b0391fee340611e5ae2a6f85cd1342af
/api/v1/d1af04e9/2wm6ghfFLdThDWmR?fallback=84f13f06
/api/v1/81b5e821/h_086jura00002?fallback=61c14af7
/api/v1/2faf912b/aPcotl9Au5pYUBv9?fallback=010caef4
/api/v1/81b5e821/rbb00048?fallback=61c14af7
/api/v1/b11bb129/next_0036?lang=ja-JP&ip=182.166.26.46&ua=Mozilla%2F5.0+%28Windows+NT+10.0%3B+WOW64%3B+Trident%2F7.0%3B+rv%3A11.0%29+like+Gecko&fallback=ce80381b
/api/v1/a7b036bc/jufd00608?fallback=663fe974
/api/v1/81b5e821/1iene00637?fallback=61c14af7
/api/v1/66d7619b/UuE2WfBCR08x1WJC?fallback=8fc69ce0&lang=ja&ip=86.202.179.208&ua=Mozilla%2F5.0+%28Windows+NT+10.0%3B+WOW64%3B+rv%3A54.0%29+Gecko%2F20100101+Firefox%2F54.0
/api/v1/a7b036bc/18mond00079?fallback=663fe974
/api/v1/b0394709340611e5ae2a77088601f7fd/mide00424?lang=en&ip=107.167.102.132&ua=Opera%2F9.80+%28Android%3B+Opera+Mini%2F27.0.2254%2F65.290%3B+U%3B+id%29+Presto%2F2.12.423+Version%2F12.16&fallback=b0391fee340611e5ae2a6f85cd1342af
/api/v1/81b5e821/arm00591?fallback=61c14af7
/api/v1/81b5e821/172xrw00106?fallback=61c14af7
/api/v1/d1af04e9/S2rPMMwiyPXrzDt4?fallback=84f13f06
/api/v1/a7b036bc/kdkj00027?fallback=663fe974
/api/v1/2faf912b/j3Sbbuv5jOBeLJPy?fallback=010caef4
/api/v1/2faf912b/IjpUbI3U6JGKqZnn?fallback=010caef4
/api/v1/47fd24f5/paX4kFD4ivdSmy1X?fallback=909b136b
/api/v1/81b5e821/148kmdo00015?fallback=61c14af7
/api/v1/1e9e666f/lODGKKE9tknz4BBt?fallback=fb5e0310
/api/v1/81b5e821/2www00045?fallback=61c14af7
/api/v1/b0394709340611e5ae2a77088601f7fd/kiray032?lang=en&ip=39.109.124.93&ua=Mozilla%2F5.0+%28iPhone%3B+CPU+iPhone+OS+10_3_2+like+Mac+OS+X%29+AppleWebKit%2F603.2.4+%28KHTML%2C+like+Gecko%29+Version%2F10.0+Mobile%2F14F89+Safari%2F602.1&fallback=b0391fee340611e5ae2a6f85cd1342af
/api/v1/a7b036bc/12avop00158?fallback=663fe974
/api/v1/a7b036bc/15dsd00436?fallback=663fe974
/api/v1/81b5e821/arm00609?fallback=61c14af7
/api/v1/dee6f4ac/b289amris01607?lang=ja&ip=58.85.74.192&ua=Mozilla%252F5.0%2B%2528Linux%253B%2BAndroid%2B5.1.1%253B%2BKYV36%2BBuild%252F101.6.2870%2529%2BAppleWebKit%252F537.36%2B%2528KHTML%252C%2Blike%2BGecko%2529%2BChrome%252F58.0.3029.83%2BMobile%2BSafari%252F537.36&fallback=5a85e889
/api/v1/b11bb129/selen_0025?lang=ja&ip=126.224.136.192&ua=Mozilla%2F5.0+%28Windows+NT+6.1%3B+Win64%3B+x64%29+AppleWebKit%2F537.36+%28KHTML%2C+like+Gecko%29+Chrome%2F59.0.3071.115+Safari%2F537.36&fallback=ce80381b
/api/v1/h9awx49s/auks00061?fallback=0mehoge6
/api/v1/e4b90407/pzCVN0wJfTctTKNf?fallback=4c1cb464
/api/v1/81b5e821/1nhdtb00006?fallback=61c14af7
/api/v1/a7b036bc/172xrw00228?fallback=663fe974
/api/v1/a7b036bc/18sprd00939?fallback=663fe974
/api/v1/a7b036bc/kdkj00049?fallback=663fe974
/api/v1/2faf912b/poLqpinKyWz9qaxX?fallback=010caef4
/api/v1/a7b036bc/12gon341?fallback=663fe974
/api/v1/a7b036bc/h_086mura00004?fallback=663fe974
/api/v1/81b5e821/h_275tdsu00045?fallback=61c14af7
/api/v1/81b5e821/h_275tdsu00035?fallback=61c14af7
/api/v1/81b5e821/dish00005?fallback=61c14af7
/api/v1/a7b036bc/1nhdta00970?fallback=663fe974
/api/v1/81b5e821/61mdb00773?fallback=61c14af7
/api/v1/a7b036bc/36doks00222?fallback=663fe974
/api/v1/81b5e821/1hawa00112?fallback=61c14af7
/api/v1/a7b036bc/41hodv021207?fallback=663fe974
/api/v1/81b5e821/1hunt00788?fallback=61c14af7
/api/v1/b0394709340611e5ae2a77088601f7fd/oba00239?lang=en&ip=73.252.193.58&ua=Mozilla%2F5.0+%28iPad%3B+CPU+OS+9_2_1+like+Mac+OS+X%29+AppleWebKit%2F601.1.46+%28KHTML%2C+like+Gecko%29+Version%2F9.0+Mobile%2F13D15+Safari%2F601.1&fallback=b0391fee340611e5ae2a6f85cd1342af
/api/v1/81b5e821/atom00284?fallback=61c14af7
/api/v1/a7b036bc/bnsps00334?fallback=663fe974
/api/v1/a7b036bc/h_1074fjl00003?fallback=663fe974
/api/v1/9de50c7e/216901?lang=ja&ip=182.250.246.207&ua=Mozilla%2F5.0+%28Linux%3B+Android+4.4.2%3B+KYY24+Build%2F108.1.2110%29+AppleWebKit%2F537.36+%28KHTML%2C+like+Gecko%29+Version%2F4.0+Chrome%2F30.0.0.0+Mobile+Safari%2F537.36
/api/v1/b0394709340611e5ae2a77088601f7fd/13gvg00404?lang=en&ip=107.167.113.153&ua=Opera%2F9.80+%28Android%3B+Opera+Mini%2F17.0.2211%2F65.290%3B+U%3B+id%29+Presto%2F2.12.423+Version%2F12.16&fallback=b0391fee340611e5ae2a6f85cd1342af
/api/v1/a7b036bc/hnd00413?fallback=663fe974
/api/v1/a7b036bc/118abp00514?fallback=663fe974
/api/v1/a7b036bc/1rct00961?fallback=663fe974
/api/v1/d1af04e9/iHNq2XFeOoPvgRwN?fallback=84f13f06
/api/v1/a7b036bc/adn00080?fallback=663fe974
/api/v1/a7b036bc/434kcda00013?fallback=663fe974
/api/v1/b0394709340611e5ae2a77088601f7fd/1star00566?lang=en&ip=121.54.39.163&ua=Mozilla%2F5.0+%28Linux%3B+Android+5.1%3B+MyPhone_MY28S+Build%2FLMY47D%3B+wv%29+AppleWebKit%2F537.36+%28KHTML%2C+like+Gecko%29+Version%2F4.0+Chrome%2F43.0.2357.121+Mobile+Safari%2F537.36&fallback=b0391fee340611e5ae2a6f85cd1342af
/api/v1/2faf912b/be1VnkCs7FGaRmgG?fallback=010caef4
/api/v1/a7b036bc/arm00584?fallback=663fe974
/api/v1/2faf912b/GNU6JfqiS5uoP5Lf?fallback=010caef4
/api/v1/a7b036bc/h_796mot00256?fallback=663fe974
/api/v1/a7b036bc/11arm00342?fallback=663fe974
/api/v1/226dfb61/gaijin026?fallback=d55d276c
/api/v1/a7b036bc/h_921mg00016?fallback=663fe974
/api/v1/a7b036bc/118wpc00013?fallback=663fe974
/api/v1/d1af04e9/n3ale3hilyVqPj8y?fallback=84f13f06
/api/v1/81b5e821/540wlt00003?fallback=61c14af7
/api/v1/81b5e821/atfb00144?fallback=61c14af7
/api/v1/a7b036bc/club00210?fallback=663fe974
/api/v1/a7b036bc/onsd00654?fallback=663fe974
/api/v1/09653eab/cT9JhmxKI2lSI8IA?fallback=b081e97c&lang=zh-TW&ip=111.251.160.156&ua=Mozilla%2F5.0+%28Windows+NT+10.0%3B+Win64%3B+x64%29+AppleWebKit%2F537.36+%28KHTML%2C+like+Gecko%29+Chrome%2F59.0.3071.115+Safari%2F537.36
/api/v1/81b5e821/18sora00005?fallback=61c14af7
/api/v1/47fd24f5/5wtDfhmmH2QKspf5?fallback=909b136b
/api/v1/2faf912b/Z2mNEAoO1MLhYgUK?fallback=010caef4
/api/v1/a7b036bc/118abp00589?fallback=663fe974
/api/v1/a7b036bc/h_101gs01399?fallback=663fe974
/api/v1/a7b036bc/ipz00970?fallback=663fe974
/api/v1/d1af04e9/7G6xdo5ZSv0OFlm2?fallback=84f13f06
/api/v1/2c9c4922/55t2800206?fallback=152c96c8
/api/v1/510a3e74/5013tsds42012?fallback=6po27f65
/api/v1/9e199fae/dmmmg_0599?lang=ja&ip=60.33.219.246&ua=Mozilla%252F5.0%2B%2528Windows%2BNT%2B10.0%253B%2BWOW64%253B%2Brv%253A54.0%2529%2BGecko%252F20100101%2BFirefox%252F54.0&fallback=e5e1b5ba
/api/v1/81b5e821/jusd00714?fallback=61c14af7
/api/v1/81b5e821/1atom00201?fallback=61c14af7
/api/v1/81b5e821/pppd00483?fallback=61c14af7
/api/v1/646e7d3b/mukd00378?fallback=4bddb815
/api/v1/a7b036bc/mksb00002?fallback=663fe974
/api/v1/a7b036bc/h_307lzjs00251?fallback=663fe974
/api/v1/a7b036bc/483zvr00007?fallback=663fe974
/api/v1/a7b036bc/1nhdt00502?fallback=663fe974
/api/v1/81b5e821/wanz00608?fallback=61c14af7
/api/v1/a7b036bc/oksn00230?fallback=663fe974
/api/v1/1e9e666f/5L7x6FMG6eK9RK9g?fallback=fb5e0310
/api/v1/81b5e821/snis00764?fallback=61c14af7
/api/v1/5cg7urmw/53dv01310?fallback=ydm3s27d
/api/v1/nup6shg6/mimu00019?fallback=7yw50ty5
/api/v1/a7b036bc/adn00115?fallback=663fe974
/api/v1/81b5e821/18sprd00944?fallback=61c14af7
/api/v1/d1af04e9/8TcAopnZR4Fl10Mw?fallback=84f13f06
/api/v1/81b5e821/jufd00652?fallback=61c14af7
/api/v1/a7b036bc/172real00645?fallback=663fe974
/api/v1/a7b036bc/mide00445?fallback=663fe974
/api/v1/a7b036bc/ddb00316?fallback=663fe974
/api/v1/a7b036bc/13gvg00225?fallback=663fe974
/api/v1/a7b036bc/jux00988?fallback=663fe974
/api/v1/81b5e821/118abp00417?fallback=61c14af7
/api/v1/a7b036bc/yrmn00055?fallback=663fe974
/api/v1/81b5e821/rbb00006?fallback=61c14af7
/api/v1/81b5e821/ipz00843?fallback=61c14af7
/api/v1/81b5e821/1dandy00559?fallback=61c14af7
/api/v1/2faf912b/AfIBiVF3TFYeaTeb?fallback=010caef4
/api/v1/2faf912b/6x9XKpUvooLpZUFM?fallback=010caef4
/api/v1/a7b036bc/1star00686?fallback=663fe974
/api/v1/d1af04e9/Bt53ZyF8vxqoqn9I?fallback=84f13f06
/api/v1/10fede0d/b427alvpp00009?lang=ja&ip=202.229.251.223&ua=Mozilla%252F5.0%2B%2528iPhone%253B%2BCPU%2BiPhone%2BOS%2B10_3_2%2Blike%2BMac%2BOS%2BX%2529%2BAppleWebKit%252F603.2.4%2B%2528KHTML%252C%2Blike%2BGecko%2529%2BVersion%252F10.0%2BMobile%252F14F89%2BSafari%252F602.1
/api/v1/2faf912b/JoWfvSh4QkNquidD?fallback=010caef4
/api/v1/81b5e821/bijn00022?fallback=61c14af7
/api/v1/a7b036bc/mrxd00019?fallback=663fe974
/api/v1/81b5e821/apns00014?fallback=61c14af7
/api/v1/2faf912b/2r5YQVHDMXS6ca7p?fallback=010caef4
/api/v1/2c9c4922/h_196jpdvd00043?fallback=152c96c8
/api/v1/81b5e821/118onez00088?fallback=61c14af7
/api/v1/81b5e821/rki00372?fallback=61c14af7
/api/v1/a7b036bc/iptd00656?fallback=663fe974
/api/v1/81b5e821/voss00044?fallback=61c14af7
/api/v1/a7b036bc/1sdde00462?fallback=663fe974
/api/v1/b0394709340611e5ae2a77088601f7fd/h_086jrzd00385?lang=zh&ip=172.104.109.32&ua=Mozilla%2F5.0+%28iPhone%3B+CPU+iPhone+OS+10_3_2+like+Mac+OS+X%29+AppleWebKit%2F603.2.4+%28KHTML%2C+like+Gecko%29+Version%2F10.0+Mobile%2F14F89+Safari%2F602.1&fallback=b0391fee340611e5ae2a6f85cd1342af
/api/v1/2faf912b/ae3fsVVCq4xHl08q?fallback=010caef4
/api/v1/646e7d3b/ddt00397?fallback=4bddb815
/api/v1/a7b036bc/snis00927?fallback=663fe974
/api/v1/b0394709340611e5ae2a77088601f7fd/sqte00152?lang=zh&ip=101.25.174.10&ua=Mozilla%2F5.0+%28iPhone%3B+CPU+iPhone+OS+10_3_2+like+Mac+OS+X%29+AppleWebKit%2F603.2.4+%28KHTML%2C+like+Gecko%29+Version%2F10.0+Mobile%2F14F89+Safari%2F602.1&fallback=b0391fee340611e5ae2a6f85cd1342af
/api/v1/a7b036bc/h_227jump02292?fallback=663fe974
/api/v1/81b5e821/h_100req00320?fallback=61c14af7
/api/v1/a7b036bc/h_1127vovs00029?fallback=663fe974
/api/v1/81b5e821/mizd00045?fallback=61c14af7
/api/v1/81b5e821/oksn00050?fallback=61c14af7
/api/v1/81b5e821/nsps00506?fallback=61c14af7
/api/v1/b0394709340611e5ae2a77088601f7fd/cesd00058?lang=zh&ip=168.235.200.110&ua=Mozilla%2F5.0+%28Linux%3B+U%3B+Android+4.4.4%3B+zh-CN%3B+OPPO+R7s+Build%2FKTU84P%29+AppleWebKit%2F537.36+%28KHTML%2C+like+Gecko%29+Version%2F4.0+Chrome%2F40.0.2214.89+UCBrowser%2F11.5.8.945+Mobile+Safari%2F537.36&fallback=b0391fee340611e5ae2a6f85cd1342af
/api/v1/a7b036bc/ap00447?fallback=663fe974
/api/v1/a7b036bc/club00157?fallback=663fe974
/api/v1/81b5e821/1trct00254?fallback=61c14af7
/api/v1/09653eab/3fq5XduzcypXc2lH?fallback=b081e97c&lang=ja&ip=60.36.1.38&ua=Mozilla%2F5.0+%28Windows+NT+6.1%3B+Win64%3B+x64%29+AppleWebKit%2F537.36+%28KHTML%2C+like+Gecko%29+Chrome%2F59.0.3071.115+Safari%2F537.36
/api/v1/2c372329/boinbb279?fallback=337df0f7
/api/v1/2faf912b/QMJfxjz5DJ62ILmP?fallback=010caef4
/api/v1/a7b036bc/47kk00225?fallback=663fe974
/api/v1/a7b036bc/katu00028?fallback=663fe974
/api/v1/dee6f4ac/b159baklo00930?lang=ja&ip=49.104.7.200&ua=Mozilla%252F5.0%2B%2528Linux%253B%2BAndroid%2B5.0.2%253B%2BSH-01G%2BBuild%252FSA210%2529%2BAppleWebKit%252F537.36%2B%2528KHTML%252C%2Blike%2BGecko%2529%2BChrome%252F59.0.3071.125%2BMobile%2BSafari%252F537.36&fallback=5a85e889
/api/v1/a7b036bc/h_237nacr00093?fallback=663fe974
/api/v1/81b5e821/juy00190?fallback=61c14af7
/api/v1/2faf912b/ubL17WDzWPdsM4U5?fallback=010caef4
/api/v1/a7b036bc/club00391?fallback=663fe974
/api/v1/81b5e821/1sdmu00633?fallback=61c14af7
/api/v1/a7b036bc/h_094ktds00851?fallback=663fe974
/api/v1/81b5e821/red084?fallback=61c14af7
/api/v1/81b5e821/jufd00259?fallback=61c14af7
/api/v1/2c372329/mywife081?fallback=337df0f7
/api/v1/gvjqpznc/5419tokd00031?fallback=n5imn9uh
/api/v1/81b5e821/tomn00076?fallback=61c14af7
/api/v1/a7b036bc/1nhdtb00005?fallback=663fe974
/api/v1/a7b036bc/1star00795?fallback=663fe974
/api/v1/81b5e821/juy00192?fallback=61c14af7
/api/v1/81b5e821/oba00343?fallback=61c14af7
/api/v1/a7b036bc/1star00550?fallback=663fe974
/api/v1/81b5e821/1sw00232?fallback=61c14af7
/api/v1/b0394709340611e5ae2a77088601f7fd/28jag00053?lang=zh&ip=59.67.0.196&ua=Mozilla%2F5.0+%28Linux%3B+U%3B+Android+4.4.2%3B+zh-CN%3B+CHM-TL00+Build%2FHonorCHM-TL00%29+AppleWebKit%2F537.36+%28KHTML%2C+like+Gecko%29+Version%2F4.0+Chrome%2F40.0.2214.89+UCBrowser%2F11.2.5.884+Mobile+Safari%2F537.36&fallback=b0391fee340611e5ae2a6f85cd1342af
/api/v1/2c9c4922/pla00047?fallback=152c96c8
/api/v1/81b5e821/eyan00064?fallback=61c14af7
/api/v1/a7b036bc/ofje00040?fallback=663fe974
/api/v1/a7b036bc/miae00107?fallback=663fe974
/api/v1/09653eab/GL79OmAbbwIZbbB0?fallback=b081e97c&lang=ja&ip=60.104.115.119&ua=Mozilla%2F5.0+%28Macintosh%3B+Intel+Mac+OS+X+10_12_5%29+AppleWebKit%2F537.36+%28KHTML%2C+like+Gecko%29+Chrome%2F58.0.3029.110+Safari%2F537.36
/api/v1/39e71cb4/60Kx78wrlZbEBRgJ?fallback=57458b19
/api/v1/81b5e821/118abp00390?fallback=61c14af7
/api/v1/a7b036bc/1star00708?fallback=663fe974
/api/v1/a7b036bc/venu00660?fallback=663fe974
/api/v1/a7b036bc/1sw00484?fallback=663fe974
/api/v1/a7b036bc/84okax00218?fallback=663fe974
/api/v1/a7b036bc/h_455maguro00075?fallback=663fe974
/api/v1/b0394709340611e5ae2a77088601f7fd/oksn00243?lang=en&ip=24.6.114.118&ua=Mozilla%2F5.0+%28Windows+NT+10.0%3B+WOW64%3B+Trident%2F7.0%3B+Touch%3B+.NET4.0C%3B+.NET4.0E%3B+.NET+CLR+2.0.50727%3B+.NET+CLR+3.0.30729%3B+.NET+CLR+3.5.30729%3B+Tablet+PC+2.0%3B+rv%3A11.0%29+like+Gecko&fallback=b0391fee340611e5ae2a6f85cd1342af
/api/v1/7145388e/f_01887a?ip=40.77.167.58&ua=Mozilla%2F5.0+%28compatible%3B+bingbot%2F2.0%3B+%2Bhttp%3A%2F%2Fwww.bing.com%2Fbingbot.htm%29
/api/v1/2faf912b/FCIk4dS3Rga172cW?fallback=010caef4
/api/v1/a7b036bc/3wnz00255?fallback=663fe974
/api/v1/81b5e821/13gvg00196?fallback=61c14af7
/api/v1/a7b036bc/bnsps00377?fallback=663fe974
/api/v1/81b5e821/1svdvd00448?fallback=61c14af7
/api/v1/b0394709340611e5ae2a77088601f7fd/vagu00148?lang=en&ip=207.6.234.70&ua=Mozilla%2F5.0+%28iPhone%3B+CPU+iPhone+OS+10_3_2+like+Mac+OS+X%29+AppleWebKit%2F603.2.4+%28KHTML%2C+like+Gecko%29+Version%2F10.0+Mobile%2F14F89+Safari%2F602.1&fallback=b0391fee340611e5ae2a6f85cd1342af
/api/v1/81b5e821/1star00790?fallback=61c14af7
/api/v1/81b5e821/1sdab00014?fallback=61c14af7
/api/v1/84b56ed5/rbd00816?fallback=706d69be
/api/v1/a7b036bc/436yag00123?fallback=663fe974
/api/v1/2c9c4922/embz00113?fallback=152c96c8
/api/v1/81b5e821/anx00072?fallback=61c14af7
/api/v1/a7b036bc/36doks00380?fallback=663fe974
/api/v1/09653eab/pDkRxhCine1lop2g?fallback=b081e97c&lang=ja&ip=119.25.193.234&ua=Mozilla%2F5.0+%28Windows+NT+10.0%3B+Win64%3B+x64%29+AppleWebKit%2F537.36+%28KHTML%2C+like+Gecko%29+Chrome%2F59.0.3071.115+Safari%2F537.36
/api/v1/81b5e821/meyd00156?fallback=61c14af7
/api/v1/a7b036bc/11armg00110?fallback=663fe974
/api/v1/fc4a2f5c/oYpO0DzAhJs15I85?fallback=5b1bbcda&lang=ja-JP&ip=183.76.117.96&ua=Mozilla%2F5.0+%28X11%3B+CrOS+armv7l+9334.72.0%29+AppleWebKit%2F537.36+%28KHTML%2C+like+Gecko%29+Chrome%2F58.0.3029.140+Safari%2F537.36
/api/v1/81b5e821/49cadv00497?fallback=61c14af7
/api/v1/9e199fae/b536atma00094?lang=ja&ip=203.136.125.221&ua=Mozilla%252F5.0%2B%2528Macintosh%253B%2BIntel%2BMac%2BOS%2BX%2B10_10_5%2529%2BAppleWebKit%252F603.2.5%2B%2528KHTML%252C%2Blike%2BGecko%2529%2BVersion%252F10.1.1%2BSafari%252F603.2.5&fallback=e5e1b5ba
/api/v1/a7b036bc/h_305gcihd00009?fallback=663fe974
/api/v1/81b5e821/snis00313?fallback=61c14af7
/api/v1/d1af04e9/4VX2NIpofgbmT8HX?fallback=84f13f06
/api/v1/646e7d3b/140c1103?fallback=4bddb815
/api/v1/81b5e821/1rctd00003?fallback=61c14af7
/api/v1/d1af04e9/TPXvE4SA1wgurwo1?fallback=84f13f06
/api/v1/81b5e821/1silk00028?fallback=61c14af7
/api/v1/a7b036bc/jufd00607?fallback=663fe974
/api/v1/5bca64dc/ZIk60KcKYSJMcAWv?fallback=4e55daed&lang=ja&ip=221.118.103.106&ua=Mozilla%2F5.0+%28Windows+NT+6.1%3B+Win64%3B+x64%29+AppleWebKit%2F537.36+%28KHTML%2C+like+Gecko%29+Chrome%2F59.0.3071.115+Safari%2F537.36
/api/v1/b11bb129/inf_0064?lang=ja&ip=218.223.23.59&ua=Mozilla%2F5.0+%28Windows+NT+6.1%3B+rv%3A54.0%29+Gecko%2F20100101+Firefox%2F54.0&fallback=ce80381b
/api/v1/a7b036bc/59rhe00346?fallback=663fe974
/api/v1/646e7d3b/h_452tmdi00014?fallback=4bddb815
/api/v1/2faf912b/25VITBLlvM8bVxyE?fallback=010caef4
/api/v1/81b5e821/digi00229?fallback=61c14af7
/api/v1/991fd7c2/2ekw00027?fallback=647506ff
/api/v1/fc4a2f5c/JZHQSAkBp5nhIZBn?fallback=5b1bbcda&lang=ja&ip=219.200.31.7&ua=Mozilla%2F5.0+%28Windows+NT+6.1%3B+Win64%3B+x64%29+AppleWebKit%2F537.36+%28KHTML%2C+like+Gecko%29+Chrome%2F59.0.3071.115+Safari%2F537.36
/api/v1/81b5e821/118rdt00239?fallback=61c14af7
/api/v1/81b5e821/jufd00609?fallback=61c14af7
/api/v1/a7b036bc/57husr00094?fallback=663fe974
/api/v1/a7b036bc/bda00027?fallback=663fe974
/api/v1/a7b036bc/snis00824?fallback=663fe974
/api/v1/5bca64dc/8ua5zPbNCFBLj6kW?fallback=4e55daed&lang=ja&ip=118.110.9.96&ua=Mozilla%2F5.0+%28Windows+NT+10.0%3B+Win64%3B+x64%29+AppleWebKit%2F537.36+%28KHTML%2C+like+Gecko%29+Chrome%2F59.0.3071.115+Safari%2F537.36
/api/v1/b0394709340611e5ae2a77088601f7fd/rexd00314?lang=en&ip=70.69.68.200&ua=Mozilla%2F5.0+%28Windows+NT+10.0%3B+Win64%3B+x64%29+AppleWebKit%2F537.36+%28KHTML%2C+like+Gecko%29+Chrome%2F51.0.2704.79+Safari%2F537.36+Edge%2F14.14393&fallback=b0391fee340611e5ae2a6f85cd1342af
/api/v1/a7b036bc/1nhdtb00008?fallback=663fe974
/api/v1/a7b036bc/oyc00121?fallback=663fe974
/api/v1/81b5e821/118sga00092?fallback=61c14af7
/api/v1/a7b036bc/61mdb00778?fallback=663fe974
/api/v1/a7b036bc/57jksr00236?fallback=663fe974
/api/v1/81b5e821/13gvg00134?fallback=61c14af7
/api/v1/a7b036bc/evis00121?fallback=663fe974
/api/v1/a7b036bc/onsd00707?fallback=663fe974
/api/v1/a7b036bc/dvdms00121?fallback=663fe974
/api/v1/81b5e821/67gesd00035?fallback=61c14af7
/api/v1/2faf912b/GMO3B1pR4qEtTTcv?fallback=010caef4
/api/v1/a7b036bc/jux00774?fallback=663fe974
/api/v1/81b5e821/83sms00026?fallback=61c14af7
/api/v1/d1af04e9/3oyErogYHvXaNdhR?fallback=84f13f06
/api/v1/d1af04e9/bCZrjmpxSatBsMeE?fallback=84f13f06
/api/v1/9de50c7e/563542?lang=ja&ip=153.167.93.38&ua=Mozilla%2F5.0+%28iPhone%3B+CPU+iPhone+OS+9_3_3+like+Mac+OS+X%29+AppleWebKit%2F601.1.46+%28KHTML%2C+like+Gecko%29+Version%2F9.0+Mobile%2F13G34+Safari%2F601.1
/api/v1/a7b036bc/11armm00028?fallback=663fe974
/api/v1/a7b036bc/h_275tdsu00091?fallback=663fe974
/api/v1/81b5e821/1rct00764?fallback=61c14af7
/api/v1/d1af04e9/nkiUjwiT72ef0zln?fallback=84f13f06
/api/v1/a7b036bc/ipz00839?fallback=663fe974
/api/v1/e8328491/b412arvmj00631?lang=ja&ip=210.255.199.2&ua=Mozilla%252F5.0%2B%2528Windows%2BNT%2B10.0%253B%2BWin64%253B%2Bx64%2529%2BAppleWebKit%252F537.36%2B%2528KHTML%252C%2Blike%2BGecko%2529%2BChrome%252F59.0.3071.115%2BSafari%252F537.36
/api/v1/510a3e74/5085enfd05764?fallback=6po27f65
/api/v1/08893f4a/E5DOCVXy2yWSVoh8?fallback=efedc1cc
/api/v1/a7b036bc/tsp00322?fallback=663fe974
/api/v1/a7b036bc/evis00172?fallback=663fe974
/api/v1/e17c47ef/XUnuAvkOq8fhO6Ju?fallback=89c0081c&lang=ja-JP&ip=1.75.236.96&ua=Mozilla%2F5.0+%28Linux%3B+Android+5.1.1%3B+SH-01H+Build%2FS2170%29+AppleWebKit%2F537.36+%28KHTML%2C+like+Gecko%29+Chrome%2F56.0.2924.87+Mobile+Safari%2F537.36
/api/v1/9de50c7e/123611?lang=ja&ip=182.251.253.2&ua=Mozilla%2F5.0+%28iPhone%3B+CPU+iPhone+OS+10_3_2+like+Mac+OS+X%29+AppleWebKit%2F603.2.4+%28KHTML%2C+like+Gecko%29+Mobile%2F14F89+YJApp-IOS+jp.co.yahoo.ipn.appli%2F4.7.2
/api/v1/b0394709340611e5ae2a77088601f7fd/h_086jrzd00711?lang=en&ip=97.87.135.168&ua=Mozilla%2F5.0+%28Windows+NT+6.3%3B+WOW64%3B+Trident%2F7.0%3B+Touch%3B+.NET4.0E%3B+.NET4.0C%3B+Tablet+PC+2.0%3B+.NET+CLR+3.5.30729%3B+.NET+CLR+2.0.50727%3B+.NET+CLR+3.0.30729%3B+InfoPath.3%3B+GWX%3ARESERVED%3B+rv%3A11.0%29+like+Gecko&fallback=b0391fee340611e5ae2a6f85cd1342af
/api/v1/a7b036bc/jux00987?fallback=663fe974
/api/v1/81b5e821/tomn00045?fallback=61c14af7
/api/v1/a7b036bc/1sdmu00182?fallback=663fe974
/api/v1/a7b036bc/h_840tbtb00025?fallback=663fe974
/api/v1/a7b036bc/apaa00226?fallback=663fe974
/api/v1/2faf912b/I42inWK97w9jb90A?fallback=010caef4
/api/v1/81b5e821/ircp00005?fallback=61c14af7
/api/v1/c51f0017/h_454dmlk10162?fallback=22d27a54
/api/v1/81b5e821/433neo00615?fallback=61c14af7
/api/v1/a7b036bc/miad00927?fallback=663fe974
/api/v1/a7b036bc/apak00100?fallback=663fe974
/api/v1/81b5e821/18sprd00927?fallback=61c14af7
/api/v1/a7b036bc/1dvdes00698?fallback=663fe974
/api/v1/a7b036bc/tchr00002?fallback=663fe974
/api/v1/9e199fae/b170akoko00079?lang=ja&ip=124.103.222.152&ua=Mozilla%252F5.0%2B%2528Windows%2BNT%2B6.1%253B%2BWOW64%253B%2Brv%253A54.0%2529%2BGecko%252F20100101%2BFirefox%252F54.0&fallback=e5e1b5ba
/api/v1/81b5e821/h_491fskt00009?fallback=61c14af7
/api/v1/2c9c4922/17pap00096?fallback=152c96c8
/api/v1/a7b036bc/1nhdta00572?fallback=663fe974
/api/v1/a7b036bc/mgmq00016?fallback=663fe974
/api/v1/81b5e821/61ext012?fallback=61c14af7
/api/v1/81b5e821/1fset097?fallback=61c14af7
/api/v1/a7b036bc/1rct00954?fallback=663fe974
/api/v1/a7b036bc/2ekw00001?fallback=663fe974
/api/v1/d1af04e9/SdefwUI6R2ROF7a3?fallback=84f13f06
/api/v1/b038f8dd340611e5ae2a91d987738bab?lang=en&ip=203.141.158.197&ua=Mozilla%2f5%2e0%20%28Windows%20NT%206%2e1%3b%20WOW64%29%20AppleWebKit%2f537%2e36%20%28KHTML%2c%20like%20Gecko%29%20Chrome%2f43%2e0%2e2357%2e134%20Safari%2f537%2e36
/api/v1/a1f32b6e/57pUFAEXo41pOXl9?fallback=9501f229&lang=ja-JP&ip=106.172.94.229&ua=Mozilla%2F5.0+%28Linux%3B+Android+7.0%3B+MHA-L29+Build%2FHUAWEIMHA-L29%29+AppleWebKit%2F537.36+%28KHTML%2C+like+Gecko%29+Chrome%2F59.0.3071.125+Mobile+Safari%2F537.36
/api/v1/fc4a2f5c/Hr1KSpcEwg2Mf4Go?fallback=5b1bbcda&lang=ja&ip=59.84.194.155&ua=Mozilla%2F5.0+%28Windows+NT+10.0%3B+Win64%3B+x64%29+AppleWebKit%2F537.36+%28KHTML%2C+like+Gecko%29+Chrome%2F59.0.3071.115+Safari%2F537.36
/api/v1/9de50c7e/97533?lang=ja&ip=182.250.241.30&ua=Mozilla%2F5.0+%28iPhone%3B+CPU+iPhone+OS+10_3_2+like+Mac+OS+X%29+AppleWebKit%2F603.2.4+%28KHTML%2C+like+Gecko%29+Version%2F10.0+Mobile%2F14F89+Safari%2F602.1
/api/v1/a7b036bc/pppd00576?fallback=663fe974
/api/v1/81b5e821/h_259vnds01040?fallback=61c14af7
/api/v1/d1af04e9/jqOjugcHgrLD1TxX?fallback=84f13f06
/api/v1/dee6f4ac/b266agrph00016?lang=ja&ip=114.16.113.30&ua=Mozilla%252F5.0%2B%2528iPhone%253B%2BCPU%2BiPhone%2BOS%2B10_3_2%2Blike%2BMac%2BOS%2BX%2529%2BAppleWebKit%252F603.2.4%2B%2528KHTML%252C%2Blike%2BGecko%2529%2BVersion%252F10.0%2BMobile%252F14F89%2BSafari%252F602.1&fallback=5a85e889
/api/v1/81b5e821/stol00023?fallback=61c14af7
/api/v1/b0394709340611e5ae2a77088601f7fd/pppd00462?lang=zh&ip=36.229.63.173&ua=Mozilla%2F5.0+%28Windows+NT+6.1%3B+Win64%3B+x64%29+AppleWebKit%2F537.36+%28KHTML%2C+like+Gecko%29+Chrome%2F59.0.3071.115+Safari%2F537.36&fallback=b0391fee340611e5ae2a6f85cd1342af
/api/v1/a7b036bc/1star00793?fallback=663fe974
/api/v1/b0394709340611e5ae2a77088601f7fd/172rwrk00379?lang=en&ip=66.249.79.39&ua=Mozilla%2F5.0+AppleWebKit%2F537.36+%28KHTML%2C+like+Gecko%3B+compatible%3B+Googlebot%2F2.1%3B+%2Bhttp%3A%2F%2Fwww.google.com%2Fbot.html%29+Safari%2F537.36&fallback=b0391fee340611e5ae2a6f85cd1342af
/api/v1/d1af04e9/szXO3BMgl5VxlRPI?fallback=84f13f06
/api/v1/e4b90407/LiDmM9jIBF82gAKU?fallback=4c1cb464
/api/v1/81b5e821/ebod00594?fallback=61c14af7
/api/v1/82bb538e/nr_00917a?ip=157.55.39.63&ua=Mozilla%2F5.0+%28compatible%3B+bingbot%2F2.0%3B+%2Bhttp%3A%2F%2Fwww.bing.com%2Fbingbot.htm%29
/api/v1/b0394709340611e5ae2a77088601f7fd/lzfe00002?lang=zh&ip=45.76.96.75&ua=Mozilla%2F5.0+%28Windows+NT+6.1%3B+Win64%3B+x64%29+AppleWebKit%2F537.36+%28KHTML%2C+like+Gecko%29+Chrome%2F59.0.3071.115+Safari%2F537.36&fallback=b0391fee340611e5ae2a6f85cd1342af
/api/v1/81b5e821/cesd00149?fallback=61c14af7
/api/v1/81b5e821/bnsps00390?fallback=61c14af7
/api/v1/81b5e821/cesd00397?fallback=61c14af7
/api/v1/a7b036bc/ap00437?fallback=663fe974
/api/v1/81b5e821/mizd00066?fallback=61c14af7
/api/v1/a7b036bc/rbd00837?fallback=663fe974
/api/v1/9e199fae/b241bktur00652?lang=ja&ip=66.249.79.20&ua=Mozilla%252F5.0%2B%2528compatible%253B%2BGooglebot%252F2.1%253B%2B%252Bhttp%253A%252F%252Fwww.google.com%252Fbot.html%2529&fallback=e5e1b5ba
/api/v1/a7b036bc/sma00781?fallback=663fe974
/api/v1/a7b036bc/homa00018?fallback=663fe974
/api/v1/a7b036bc/1indi00008?fallback=663fe974
/api/v1/b0394709340611e5ae2a77088601f7fd/18sprd00337?lang=en&ip=128.199.81.128&ua=Mozilla%2F5.0+%28Windows+NT+6.1%29+AppleWebKit%2F537.36+%28KHTML%2C+like+Gecko%29+Chrome%2F49.0.2623.112+Safari%2F537.36&fallback=b0391fee340611e5ae2a6f85cd1342af
/api/v1/fc4a2f5c/E8nzPafzcp1onkVu?fallback=5b1bbcda&lang=ja&ip=220.152.80.194&ua=Mozilla%2F5.0+%28Windows+NT+10.0%3B+Win64%3B+x64%29+AppleWebKit%2F537.36+%28KHTML%2C+like+Gecko%29+Chrome%2F59.0.3071.115+Safari%2F537.36
/api/v1/9e199fae/b240asncm00046?lang=ja&ip=126.78.88.100&ua=Mozilla%252F5.0%2B%2528Windows%2BNT%2B10.0%253B%2BWin64%253B%2Bx64%2529%2BAppleWebKit%252F537.36%2B%2528KHTML%252C%2Blike%2BGecko%2529%2BChrome%252F59.0.3071.115%2BSafari%252F537.36&fallback=e5e1b5ba
/api/v1/81b5e821/ofje00006?fallback=61c14af7
/api/v1/e8328491/b330ctksb01159?lang=ja&ip=210.255.199.2&ua=Mozilla%252F5.0%2B%2528Windows%2BNT%2B10.0%253B%2BWin64%253B%2Bx64%2529%2BAppleWebKit%252F537.36%2B%2528KHTML%252C%2Blike%2BGecko%2529%2BChrome%252F59.0.3071.115%2BSafari%252F537.36
/api/v1/81b5e821/sgla00003?fallback=61c14af7
/api/v1/10fede0d/b062aftwk00467?lang=ja&ip=49.98.159.74&ua=Mozilla%252F5.0%2B%2528Linux%253B%2BAndroid%2B6.0.1%253B%2BSO-02J%2BBuild%252F34.1.B.2.32%253B%2Bwv%2529%2BAppleWebKit%252F537.36%2B%2528KHTML%252C%2Blike%2BGecko%2529%2BVersion%252F4.0%2BChrome%252F55.0.2883.91%2BMobile%2BSafari%252F537.36
/api/v1/fc4a2f5c/jI54D9L5ShTyhH5f?fallback=5b1bbcda&lang=ja&ip=60.148.89.12&ua=Mozilla%2F5.0+%28Windows+NT+10.0%3B+Win64%3B+x64%29+AppleWebKit%2F537.36+%28KHTML%2C+like+Gecko%29+Chrome%2F59.0.3071.115+Safari%2F537.36
/api/v1/226dfb61/hitodumac061?fallback=d55d276c
/api/v1/a7b036bc/oprd062?fallback=663fe974
/api/v1/2faf912b/hZNGiSa7zxewRW5f?fallback=010caef4
/api/v1/81b5e821/1hbad00370?fallback=61c14af7
/api/v1/a7b036bc/1rct00410?fallback=663fe974
/api/v1/a7b036bc/118dre00001?fallback=663fe974
/api/v1/9de50c7e/84325?lang=ja&ip=1.75.209.77&ua=Mozilla%2F5.0+%28iPhone%3B+CPU+iPhone+OS+10_3_2+like+Mac+OS+X%29+AppleWebKit%2F603.2.4+%28KHTML%2C+like+Gecko%29+Version%2F10.0+Mobile%2F14F89+Safari%2F602.1
/api/v1/a7b036bc/h_910vrtm00240?fallback=663fe974
/api/v1/81b5e821/15dsd00572?fallback=61c14af7
/api/v1/81b5e821/52fe00041?fallback=61c14af7
/api/v1/81b5e821/h_086qizz00041?fallback=61c14af7
/api/v1/2faf912b/LRKUq2Q7oYi9oljn?fallback=010caef4
/api/v1/81b5e821/1havd00920?fallback=61c14af7
/api/v1/a7b036bc/mmxd00015?fallback=663fe974
/api/v1/9de50c7e/123611?lang=ja&ip=182.251.250.8&ua=Mozilla%2F5.0+%28iPhone%3B+CPU+iPhone+OS+10_3_2+like+Mac+OS+X%29+AppleWebKit%2F603.2.4+%28KHTML%2C+like+Gecko%29+Mobile%2F14F89+YJApp-IOS+jp.co.yahoo.ipn.appli%2F4.7.2
/api/v1/a7b036bc/pppd00555?fallback=663fe974
/api/v1/a7b036bc/hnd00181?fallback=663fe974
/api/v1/81b5e821/h_315sgcrs026?fallback=61c14af7
/api/v1/81b5e821/h_796mot00247?fallback=61c14af7
/api/v1/a7b036bc/ntrd00032?fallback=663fe974
/api/v1/a7b036bc/cjod00091?fallback=663fe974
/api/v1/44acab27/88XCFOYvHtJnkviV?fallback=e9312bc3&lang=ja-JP&ip=180.54.46.249&ua=Mozilla%2F5.0+%28Linux%3B+Android+6.0.1%3B+SOV34+Build%2F39.0.C.1.24%29+AppleWebKit%2F537.36+%28KHTML%2C+like+Gecko%29+Chrome%2F59.0.3071.125+Mobile+Safari%2F537.36
/api/v1/a7b036bc/436bubb00050?fallback=663fe974
/api/v1/a7b036bc/118eikr00007?fallback=663fe974
/api/v1/a7b036bc/h_094ktds00359?fallback=663fe974
/api/v1/81b5e821/12lol00150?fallback=61c14af7
/api/v1/2faf912b/XTrvOJPlzkaObHDf?fallback=010caef4
/api/v1/a7b036bc/h_086keed00040?fallback=663fe974
/api/v1/81b5e821/juy00025?fallback=61c14af7
/api/v1/2c9c4922/149rd00694?fallback=152c96c8
/api/v1/a7b036bc/groo00026?fallback=663fe974
/api/v1/a7b036bc/urpw00031?fallback=663fe974
/api/v1/a7b036bc/49nitr00316?fallback=663fe974
/api/v1/226dfb61/kitaike061?fallback=d55d276c
/api/v1/6a39f172/5150sbvd00073?fallback=5w896nht
/api/v1/d1af04e9/LMN7fbtBig8cBGRn?fallback=84f13f06
/api/v1/a7b036bc/49ekdv00490?fallback=663fe974
/api/v1/81b5e821/57jksr00274?fallback=61c14af7
/api/v1/84b56ed5/24kpd00001?fallback=706d69be
/api/v1/9de50c7e/479978?lang=ja&ip=126.245.11.118&ua=Mozilla%2F5.0+%28iPhone%3B+CPU+iPhone+OS+10_3_2+like+Mac+OS+X%29+AppleWebKit%2F603.1.30+%28KHTML%2C+like+Gecko%29+CriOS%2F59.0.3071.102+Mobile%2F14F89+Safari%2F602.1
/api/v1/81b5e821/118sga00094?fallback=61c14af7
/api/v1/81b5e821/eyan00091?fallback=61c14af7
/api/v1/81b5e821/1nhdta00991?fallback=61c14af7
/api/v1/81b5e821/h_606mlw02164?fallback=61c14af7
/api/v1/a7b036bc/eyan00092?fallback=663fe974
/api/v1/81b5e821/h_455baburu00005?fallback=61c14af7
/api/v1/2faf912b/UNBThW5ktr8FBkyW?fallback=010caef4
/api/v1/a7b036bc/1sdde00484?fallback=663fe974
/api/v1/81b5e821/53dvaj00003?fallback=61c14af7
/api/v1/81b5e821/1havd00849?fallback=61c14af7
/api/v1/2c9c4922/422news00078?fallback=152c96c8
/api/v1/2faf912b/0tAHVHU2ZDoGff3q?fallback=010caef4
/api/v1/47fd24f5/GCD2bTUulvWOjnf5?fallback=909b136b
/api/v1/81b5e821/dftr00076?fallback=61c14af7
/api/v1/81b5e821/1sdmu00630?fallback=61c14af7
/api/v1/a7b036bc/dvdms00146?fallback=663fe974
/api/v1/a7b036bc/homa00007?fallback=663fe974
/api/v1/a7b036bc/118tre00036?fallback=663fe974
/api/v1/b0394709340611e5ae2a77088601f7fd/cesd00352?lang=en&ip=8.37.230.201&ua=Mozilla%2F5.0+%28Linux%3B+U%3B+Android+5.1.1%3B+en-US%3B+Coolpad+R108+Build%2FLMY47V%29+AppleWebKit%2F534.30+%28KHTML%2C+like+Gecko%29+Version%2F4.0+UCBrowser%2F11.3.0.950+U3%2F0.8.0+Mobile+Safari%2F534.30&fallback=b0391fee340611e5ae2a6f85cd1342af
/api/v1/nup6shg6/rki00305?fallback=7yw50ty5
/api/v1/5cg7urmw/53dv906?fallback=ydm3s27d
/api/v1/a7b036bc/venu00712?fallback=663fe974
/api/v1/d1af04e9/oH7UicX7IN1f8sct?fallback=84f13f06
/api/v1/08893f4a/rR3YtP2eNTzH3i1e?fallback=efedc1cc
/api/v1/81b5e821/cmn00172?fallback=61c14af7
/api/v1/a7b036bc/1sdmu00354?fallback=663fe974
/api/v1/a7b036bc/18sprd00898?fallback=663fe974
/api/v1/09653eab/0rg19rSv170b0H1b?fallback=b081e97c&lang=ja-JP&ip=124.96.78.152&ua=Mozilla%2F5.0+%28Windows+NT+6.1%3B+WOW64%3B+Trident%2F7.0%3B+rv%3A11.0%29+like+Gecko
/api/v1/a7b036bc/jfb00141?fallback=663fe974
/api/v1/81b5e821/1sdmu00143?fallback=61c14af7
/api/v1/5hirw5ga/118bra00005?fallback=gykcpxwz
/api/v1/81b5e821/adn00057?fallback=61c14af7
/api/v1/a7b036bc/ebod00565?fallback=663fe974
/api/v1/a7b036bc/21pssd00158?fallback=663fe974
/api/v1/1e9e666f/MrfNbjgk8UdFZkmc?fallback=fb5e0310
/api/v1/a7b036bc/h_086dumm00001?fallback=663fe974
/api/v1/81b5e821/h_244saba00142?fallback=61c14af7
/api/v1/81b5e821/jux00644?fallback=61c14af7
/api/v1/q9wy7a8f/oaip00097?fallback=41nxeg9z
/api/v1/a7b036bc/61mdb00469?fallback=663fe974
/api/v1/5bca64dc/JZHQSAkBp5nhIZBn?fallback=4e55daed&lang=ja&ip=219.200.31.7&ua=Mozilla%2F5.0+%28Windows+NT+6.1%3B+Win64%3B+x64%29+AppleWebKit%2F537.36+%28KHTML%2C+like+Gecko%29+Chrome%2F59.0.3071.115+Safari%2F537.36
/api/v1/a7b036bc/17isd00035?fallback=663fe974
/api/v1/b0394709340611e5ae2a77088601f7fd/lzdq00001?lang=zh&ip=45.76.96.75&ua=Mozilla%2F5.0+%28Windows+NT+6.1%3B+Win64%3B+x64%29+AppleWebKit%2F537.36+%28KHTML%2C+like+Gecko%29+Chrome%2F59.0.3071.115+Safari%2F537.36&fallback=b0391fee340611e5ae2a6f85cd1342af
/api/v1/9e199fae/b165aisat01040?lang=ja&ip=61.206.205.147&ua=Mozilla%252F5.0%2B%2528Windows%2BNT%2B6.1%253B%2BTrident%252F7.0%253B%2Brv%253A11.0%2529%2Blike%2BGecko&fallback=e5e1b5ba
/api/v1/a7b036bc/53dvaj00027?fallback=663fe974
/api/v1/dee6f4ac/b223agwpr00120?lang=ja&ip=126.74.98.67&ua=Mozilla%252F5.0%2B%2528iPhone%253B%2BCPU%2BiPhone%2BOS%2B10_3_2%2Blike%2BMac%2BOS%2BX%2529%2BAppleWebKit%252F603.2.4%2B%2528KHTML%252C%2Blike%2BGecko%2529%2BMobile%252F14F89%2BYJApp-IOS%2Bjp.co.yahoo.ipn.appli%252F4.6.26&fallback=5a85e889
/api/v1/a7b036bc/parathd02039?fallback=663fe974
/api/v1/a7b036bc/avop00174?fallback=663fe974
/api/v1/a7b036bc/172emu006?fallback=663fe974
/api/v1/81b5e821/55sait00002?fallback=61c14af7
/api/v1/a7b036bc/blor00035?fallback=663fe974
/api/v1/81b5e821/krbv00164?fallback=61c14af7
/api/v1/81b5e821/18sprd00657?fallback=61c14af7
/api/v1/81b5e821/h_1116capi00094?fallback=61c14af7
/api/v1/81b5e821/ntsu00072?fallback=61c14af7
/api/v1/c51f0017/147jvdw00167?fallback=22d27a54
/api/v1/7145388e/f_01338b?ip=46.229.168.72&ua=Mozilla%2F5.0+%28compatible%3B+SemrushBot%2F1.2%7Ebl%3B+%2Bhttp%3A%2F%2Fwww.semrush.com%2Fbot.html%29
/api/v1/d1af04e9/IZQCCUTdnlWml6GH?fallback=84f13f06
/api/v1/a7b036bc/1hawa00112?fallback=663fe974
/api/v1/d1af04e9/mSOOzPZG45YWZdPV?fallback=84f13f06
/api/v1/a7b036bc/rbb00112?fallback=663fe974
/api/v1/a7b036bc/1faa00130?fallback=663fe974
/api/v1/dee6f4ac/b289amris01223?lang=ja&ip=119.47.193.157&ua=Mozilla%252F5.0%2B%2528Linux%253B%2BAndroid%2B5.1.1%253B%2BKYV37%2BBuild%252F100.0.2210%2529%2BAppleWebKit%252F537.36%2B%2528KHTML%252C%2Blike%2BGecko%2529%2BChrome%252F59.0.3071.125%2BMobile%2BSafari%252F537.36&fallback=5a85e889
/api/v1/a7b036bc/snis00678?fallback=663fe974
/api/v1/2faf912b/0249wTwZ5f9NTFyd?fallback=010caef4
/api/v1/a7b036bc/emrd00050?fallback=663fe974
/api/v1/a7b036bc/mizd00001?fallback=663fe974
/api/v1/2c9c4922/1dandy00467?fallback=152c96c8
/api/v1/a7b036bc/eyan00003?fallback=663fe974
/api/v1/09653eab/euNgoDCtwwVz5HZD?fallback=b081e97c&lang=ja&ip=182.167.181.17&ua=Mozilla%2F5.0+%28Windows+NT+10.0%3B+Win64%3B+x64%29+AppleWebKit%2F537.36+%28KHTML%2C+like+Gecko%29+Chrome%2F59.0.3071.115+Safari%2F537.36
/api/v1/f776353c/1sddm926?fallback=ronxqrae
/api/v1/a7b036bc/sero00320?fallback=663fe974
/api/v1/a7b036bc/118srs00064?fallback=663fe974
/api/v1/d1af04e9/3TpHKxDfl97yELvb?fallback=84f13f06
/api/v1/2c372329/scute619?fallback=337df0f7
/api/v1/81b5e821/53ka1441?fallback=61c14af7
/api/v1/991fd7c2/118abp00554?fallback=647506ff
/api/v1/81b5e821/juy00105?fallback=61c14af7
/api/v1/a7b036bc/h_173gdsc00040?fallback=663fe974
/api/v1/81b5e821/gdhh00061?fallback=61c14af7
/api/v1/d1af04e9/tkZ2AK7RdDvRmCZQ?fallback=84f13f06
/api/v1/a7b036bc/h_1186etvco00009?fallback=663fe974
/api/v1/81b5e821/172real00527?fallback=61c14af7
/api/v1/a7b036bc/1sdmu00516?fallback=663fe974
/api/v1/81b5e821/17hkd00064?fallback=61c14af7
/api/v1/81b5e821/1star00794?fallback=61c14af7
/api/v1/a7b036bc/49madm00048?fallback=663fe974
/api/v1/81b5e821/1sw00177?fallback=61c14af7
/api/v1/47fd24f5/8EsWcSCRVFhWhbo8?fallback=909b136b
/api/v1/a7b036bc/42vrxsvr00001?fallback=663fe974
/api/v1/81b5e821/1star00631?fallback=61c14af7
/api/v1/d1af04e9/ewVoG9hp7MbiPtL2?fallback=84f13f06
/api/v1/a7b036bc/h_086jrzd00194?fallback=663fe974
/api/v1/646e7d3b/1dvdes00977?fallback=4bddb815
/api/v1/a7b036bc/118yrh00066?fallback=663fe974
/api/v1/a7b036bc/1star00741?fallback=663fe974
/api/v1/b11bb129/inf_0130?lang=ja-JP&ip=118.18.129.164&ua=Mozilla%2F5.0+%28Windows+NT+10.0%3B+WOW64%3B+Trident%2F7.0%3B+rv%3A11.0%29+like+Gecko&fallback=ce80381b
/api/v1/a7b036bc/kudk00038?fallback=663fe974
/api/v1/81b5e821/nnpj00137?fallback=61c14af7
/api/v1/2c372329/khy115?fallback=337df0f7
/api/v1/81b5e821/h_254spz00484?fallback=61c14af7
/api/v1/a7b036bc/bomn00199?fallback=663fe974
/api/v1/b0394704340611e5ae2a39f7f7cbe8e0/yF0KWdhNnHOIwN8k?lang=en&ua=Mozilla%2F5.0+%28Windows+NT+10.0%3B+Win64%3B+x64%29+AppleWebKit%2F537.36+%28KHTML%2C+like+Gecko%29+Chrome%2F59.0.3071.115+Safari%2F537.36&fallback=b0391fee340611e5ae2a6f85cd1342af
/api/v1/2faf912b/RdEGhTheIAguN0Yo?fallback=010caef4
/api/v1/2faf912b/qzzDBFZMTkbobNEn?fallback=010caef4
/api/v1/fc4a2f5c/3b5jpjHI5x4wOPTE?fallback=5b1bbcda&lang=ja-JP&ip=180.24.236.86&ua=Mozilla%2F5.0+%28Windows+NT+6.1%3B+Trident%2F7.0%3B+rv%3A11.0%29+like+Gecko
/api/v1/a7b036bc/idbd00725?fallback=663fe974
/api/v1/a7b036bc/1havd00956?fallback=663fe974
/api/v1/81b5e821/kunk00045?fallback=61c14af7
/api/v1/a7b036bc/mimk00025?fallback=663fe974
/api/v1/a7b036bc/snis00850?fallback=663fe974
/api/v1/81b5e821/1nhdta00916?fallback=61c14af7
/api/v1/a7b036bc/2wpvr00035?fallback=663fe974
/api/v1/b0394709340611e5ae2a77088601f7fd/tomn00073?lang=en&ip=70.212.142.119&ua=Mozilla%2F5.0+%28iPhone%3B+CPU+iPhone+OS+10_3_2+like+Mac+OS+X%29+AppleWebKit%2F603.2.4+%28KHTML%2C+like+Gecko%29+Version%2F10.0+Mobile%2F14F89+Safari%2F602.1&fallback=b0391fee340611e5ae2a6f85cd1342af
/api/v1/95b2568d/59rsm00040?fallback=86229de3
/api/v1/a7b036bc/ktkp00081?fallback=663fe974
/api/v1/226dfb61/avzg008?fallback=d55d276c
/api/v1/2faf912b/fUFDFJoj5VIrcTuk?fallback=010caef4
/api/v1/a7b036bc/1nhdta00128?fallback=663fe974
/api/v1/a7b036bc/homa00013?fallback=663fe974
/api/v1/fc4a2f5c/zLlvXJIFQEa1jHWU?fallback=5b1bbcda&lang=ja&ip=14.13.132.0&ua=Mozilla%2F5.0+%28Windows+NT+6.1%3B+Win64%3B+x64%29+AppleWebKit%2F537.36+%28KHTML%2C+like+Gecko%29+Chrome%2F59.0.3071.115+Safari%2F537.36
/api/v1/66d7619b/yIXbMp5VarwMdgPN?fallback=8fc69ce0&lang=ja&ip=163.58.217.103&ua=Mozilla%2F5.0+%28Windows+NT+6.1%3B+Win64%3B+x64%29+AppleWebKit%2F537.36+%28KHTML%2C+like+Gecko%29+Chrome%2F59.0.3071.115+Safari%2F537.36
/api/v1/d1af04e9/s04ms8R0dJelFUS5?fallback=84f13f06
/api/v1/a7b036bc/shkd00722?fallback=663fe974
/api/v1/226dfb61/tokyo441?fallback=d55d276c
/api/v1/a7b036bc/84umso00131?fallback=663fe974
/api/v1/d1af04e9/DoadiTBI3N4ViLzu?fallback=84f13f06
/api/v1/a7b036bc/nnpj00133?fallback=663fe974
/api/v1/b0394709340611e5ae2a77088601f7fd/h_771torg00046?lang=zh&ip=45.76.96.75&ua=Mozilla%2F5.0+%28Windows+NT+6.1%3B+Win64%3B+x64%29+AppleWebKit%2F537.36+%28KHTML%2C+like+Gecko%29+Chrome%2F59.0.3071.115+Safari%2F537.36&fallback=b0391fee340611e5ae2a6f85cd1342af
/api/v1/b11bb129/alb_0053?lang=ja&ip=220.104.151.169&ua=Mozilla%2F5.0+%28Windows+NT+6.3%3B+Win64%3B+x64%29+AppleWebKit%2F537.36+%28KHTML%2C+like+Gecko%29+Chrome%2F59.0.3071.115+Safari%2F537.36&fallback=ce80381b
/api/v1/81b5e821/h_275divs00008?fallback=61c14af7
/api/v1/646e7d3b/h_491love00311?fallback=4bddb815
/api/v1/a7b036bc/mide00254?fallback=663fe974
/api/v1/2faf912b/oYNK5LfQqOKde7Jh?fallback=010caef4
/api/v1/81b5e821/1fset00705?fallback=61c14af7
/api/v1/5bca64dc/ndtShWkYtJN0cSHQ?fallback=4e55daed&lang=ja-JP&ip=221.190.43.79&ua=Mozilla%2F5.0+%28Windows+NT+6.3%3B+WOW64%3B+Trident%2F7.0%3B+Touch%3B+rv%3A11.0%29+like+Gecko
/api/v1/b0394709340611e5ae2a77088601f7fd/49nitr00317?lang=en&ip=147.75.210.226&ua=Mozilla%2F5.0+%28iPhone%3B+CPU+iPhone+OS+10_3_1+like+Mac+OS+X%29+AppleWebKit%2F603.1.30+%28KHTML%2C+like+Gecko%29+Version%2F10.0+Mobile%2F14E304+Safari%2F602.1&fallback=b0391fee340611e5ae2a6f85cd1342af
/api/v1/a7b036bc/jufd00375?fallback=663fe974
/api/v1/a7b036bc/miae00066?fallback=663fe974
/api/v1/dee6f4ac/b079akroe00137?lang=ja&ip=126.247.135.124&ua=Mozilla%252F5.0%2B%2528iPhone%253B%2BCPU%2BiPhone%2BOS%2B10_1_1%2Blike%2BMac%2BOS%2BX%2529%2BAppleWebKit%252F602.2.14%2B%2528KHTML%252C%2Blike%2BGecko%2529%2BVersion%252F10.0%2BMobile%252F14B100%2BSafari%252F602.1&fallback=5a85e889
/api/v1/d1af04e9/yQ8rRlQAwNFe0hOH?fallback=84f13f06
/api/v1/q9wy7a8f/5125lcdv40707?fallback=41nxeg9z
/api/v1/81b5e821/snis00680?fallback=61c14af7
/api/v1/a7b036bc/tomn00095?fallback=663fe974
/api/v1/9e199fae/b253atato00374?lang=ja&ip=222.228.100.60&ua=Mozilla%252F5.0%2B%2528Windows%2BNT%2B10.0%253B%2BWOW64%253B%2BTrident%252F7.0%253B%2Brv%253A11.0%2529%2Blike%2BGecko&fallback=e5e1b5ba
/api/v1/d1af04e9/0nbh48EnGK6QLItG?fallback=84f13f06
/api/v1/b0394709340611e5ae2a77088601f7fd/bid00047?lang=en&ip=85.203.47.32&ua=Mozilla%2F5.0+%28Windows+NT+10.0%3B+Win64%3B+x64%29+AppleWebKit%2F537.36+%28KHTML%2C+like+Gecko%29+Chrome%2F59.0.3071.115+Safari%2F537.36&fallback=b0391fee340611e5ae2a6f85cd1342af
/api/v1/d1af04e9/e9kQWsiGixjkoeK4?fallback=84f13f06
/api/v1/dee6f4ac/b064bcmcm00976?lang=ja&ip=124.109.180.65&ua=Mozilla%252F5.0%2B%2528Linux%253B%2BAndroid%2B6.0.1%253B%2BKYV35%2BBuild%252F204.0.2320%2529%2BAppleWebKit%252F537.36%2B%2528KHTML%252C%2Blike%2BGecko%2529%2BChrome%252F59.0.3071.125%2BMobile%2BSafari%252F537.36&fallback=5a85e889
/api/v1/81b5e821/433gun00500?fallback=61c14af7
/api/v1/b0394709340611e5ae2a77088601f7fd/b240bsncm00867?lang=zh&ip=97.99.227.38&ua=Mozilla%2F5.0+%28iPhone%3B+CPU+iPhone+OS+10_0_2+like+Mac+OS+X%29+AppleWebKit%2F602.1.50+%28KHTML%2C+like+Gecko%29+Version%2F10.0+Mobile%2F14A456+Safari%2F602.1&fallback=b0391fee340611e5ae2a6f85cd1342af
/api/v1/fc4a2f5c/ppxF1w2wkXVaDWfr?fallback=5b1bbcda&lang=ja-JP&ip=210.255.161.50&ua=Mozilla%2F5.0+%28Windows+NT+6.1%3B+Trident%2F7.0%3B+rv%3A11.0%29+like+Gecko
/api/v1/a7b036bc/dvdms00091?fallback=663fe974
/api/v1/2c9c4922/1dandy00507?fallback=152c96c8
/api/v1/a7b036bc/bnsps00434?fallback=663fe974
/api/v1/d1af04e9/BXZemDmajGdzmRa2?fallback=84f13f06
/api/v1/fc4a2f5c/jLk5UuzAHqrXiWhg?fallback=5b1bbcda&lang=ja-JP&ip=126.145.53.155&ua=Mozilla%2F5.0+%28Windows+NT+10.0%3B+Win64%3B+x64%29+AppleWebKit%2F537.36+%28KHTML%2C+like+Gecko%29+Chrome%2F46.0.2486.0+Safari%2F537.36+Edge%2F13.10586
/api/v1/fc4a2f5c/Lbb2F9YlvCBdqpZb?fallback=5b1bbcda&lang=ja&ip=222.12.143.57&ua=Mozilla%2F5.0+%28Windows+NT+6.1%3B+WOW64%3B+rv%3A54.0%29+Gecko%2F20100101+Firefox%2F54.0
/api/v1/b0394709340611e5ae2a77088601f7fd/1iene00032?lang=zh&ip=112.119.23.34&ua=Mozilla%2F5.0+%28iPhone%3B+CPU+iPhone+OS+10_3_2+like+Mac+OS+X%29+AppleWebKit%2F602.1.50+%28KHTML%2C+like+Gecko%29+CriOS%2F58.0.3029.113+Mobile%2F14F89+Safari%2F602.1&fallback=b0391fee340611e5ae2a6f85cd1342af
/api/v1/a7b036bc/snis00941?fallback=663fe974
/api/v1/2c372329/vond025?fallback=337df0f7
/api/v1/a7b036bc/ipz00845?fallback=663fe974
/api/v1/2c372329/kitaike061?fallback=337df0f7
/api/v1/81b5e821/atkd00232?fallback=61c14af7
/api/v1/b0394709340611e5ae2a77088601f7fd/1hunta00128?lang=en&ip=92.146.196.150&ua=Mozilla%2F5.0+%28X11%3B+Linux+x86_64%29+AppleWebKit%2F535.19+%28KHTML%2C+like+Gecko%29+Chrome%2F18.0.1025.45+Safari%2F535.19&fallback=b0391fee340611e5ae2a6f85cd1342af
/api/v1/9de50c7e/367548?lang=ja&ip=110.134.39.235&ua=Mozilla%2F5.0+%28iPhone%3B+CPU+iPhone+OS+10_3_1+like+Mac+OS+X%29+AppleWebKit%2F603.1.30+%28KHTML%2C+like+Gecko%29+Version%2F10.0+Mobile%2F14E304+Safari%2F602.1
/api/v1/2faf912b/Bdkdtg1G89uF2agy?fallback=010caef4
/api/v1/a7b036bc/snis00956?fallback=663fe974
/api/v1/a7b036bc/onsd00731?fallback=663fe974
/api/v1/dbfb0b79/LHOzTOsCqPa8aRCH?fallback=f228d860
/api/v1/2faf912b/VGRl15B9qYW4Vhb5?fallback=010caef4
/api/v1/991fd7c2/beitc064?fallback=647506ff
/api/v1/a7b036bc/h_086cvdx00240?fallback=663fe974
/api/v1/a7b036bc/143gmed00083?fallback=663fe974
/api/v1/a7b036bc/1star00765?fallback=663fe974
/api/v1/a7b036bc/mide00425?fallback=663fe974
/api/v1/81b5e821/h_067nass00576?fallback=61c14af7
/api/v1/2c372329/mywife334?fallback=337df0f7
/api/v1/219a5a1a/G6ppnrBwD7lAaNqg?lang=ja-JP&ip=49.251.61.239&ua=Mozilla%2F5.0+%28Windows+NT+10.0%3B+Win64%3B+x64%29+AppleWebKit%2F537.36+%28KHTML%2C+like+Gecko%29+Chrome%2F52.0.2743.116+Safari%2F537.36+Edge%2F15.15063&fallback=ae28e6d9
/api/v1/a7b036bc/118siv00028?fallback=663fe974
/api/v1/81b5e821/24vdd023?fallback=61c14af7
/api/v1/a7b036bc/fmr00059?fallback=663fe974
/api/v1/a7b036bc/1nhdta00442?fallback=663fe974
/api/v1/a7b036bc/midd00654?fallback=663fe974
/api/v1/a7b036bc/ipz00972?fallback=663fe974
/api/v1/81b5e821/h_275tdsb05?fallback=61c14af7
/api/v1/a7b036bc/oomn00191?fallback=663fe974
/api/v1/a7b036bc/1dandy00523?fallback=663fe974
/api/v1/81b5e821/1star00779?fallback=61c14af7
/api/v1/2faf912b/43SmsR84d0UnY3MA?fallback=010caef4
/api/v1/b0394709340611e5ae2a77088601f7fd/aukg00285?lang=en&ip=72.195.180.115&ua=Mozilla%2F5.0+%28Android+7.0%3B+Mobile%3B+rv%3A54.0%29+Gecko%2F54.0+Firefox%2F54.0&fallback=b0391fee340611e5ae2a6f85cd1342af
/api/v1/a7b036bc/84exvr00026?fallback=663fe974
/api/v1/81b5e821/snis00739?fallback=61c14af7
/api/v1/d1af04e9/RgpgrnqIdlOeqe9k?fallback=84f13f06
/api/v1/226dfb61/hamenets024?fallback=d55d276c
/api/v1/a7b036bc/1nhdta00730?fallback=663fe974
/api/v1/d1af04e9/4hEMdbQK7GYdwhWT?fallback=84f13f06
/api/v1/7hy522lr/h_891nanp00001?fallback=xgvgfa1f
/api/v1/4d8ywnb1/h_086matu00020?fallback=31olw8v8
/api/v1/219a5a1a/5LdKCpWbntepOljC?lang=ja-JP&ip=126.162.0.2&ua=Mozilla%2F5.0+%28Windows+NT+10.0%3B+Win64%3B+x64%29+AppleWebKit%2F537.36+%28KHTML%2C+like+Gecko%29+Chrome%2F52.0.2743.116+Safari%2F537.36+Edge%2F15.15063&fallback=ae28e6d9
/api/v1/9de50c7e/534991?lang=ja&ip=49.106.192.3&ua=Mozilla%2F5.0+%28Linux%3B+Android+6.0.1%3B+F-01H+Build%2FV15R047C%3B+wv%29+AppleWebKit%2F537.36+%28KHTML%2C+like+Gecko%29+Version%2F4.0+Chrome%2F59.0.3071.125+Mobile+Safari%2F537.36
/api/v1/a7b036bc/47kk00271?fallback=663fe974
/api/v1/81b5e821/meyd00224?fallback=61c14af7
/api/v1/2c9c4922/61rmd660r?fallback=152c96c8
/api/v1/81b5e821/atfb00196?fallback=61c14af7
/api/v1/81b5e821/kwbd00177?fallback=61c14af7
/api/v1/81b5e821/h_158tod155?fallback=61c14af7
/api/v1/f069a69c/f_03776a?ip=68.180.231.56&ua=Mozilla%2F5.0+%28compatible%3B+Yahoo%21+Slurp%3B+http%3A%2F%2Fhelp.yahoo.com%2Fhelp%2Fus%2Fysearch%2Fslurp%29
/api/v1/d1af04e9/w3QxI69VIDLVwZhL?fallback=84f13f06
/api/v1/a7b036bc/h_086will00014?fallback=663fe974
/api/v1/e4b90407/jaZTfbRGzd0k7YMg?fallback=4c1cb464
/api/v1/81b5e821/5pmp00176?fallback=61c14af7
/api/v1/2faf912b/gBt8OhPAONTu9lcl?fallback=010caef4
/api/v1/a1f32b6e/g8k4itzZ20xfipxu?fallback=9501f229&lang=ja-JP&ip=180.27.197.89&ua=Mozilla%2F5.0+%28Linux%3B+Android+4.4.2%3B+SO-01F+Build%2F14.3.B.0.362%29+AppleWebKit%2F537.36+%28KHTML%2C+like+Gecko%29+Chrome%2F59.0.3071.125+Mobile+Safari%2F537.36
/api/v1/2faf912b/JqKm3r20NpS7mHcn?fallback=010caef4
/api/v1/dee6f4ac/b061bangl00792?lang=ja&ip=118.238.252.162&ua=Mozilla%252F5.0%2B%2528iPhone%253B%2BCPU%2BiPhone%2BOS%2B10_3_2%2Blike%2BMac%2BOS%2BX%2529%2BAppleWebKit%252F603.2.4%2B%2528KHTML%252C%2Blike%2BGecko%2529%2BVersion%252F10.0%2BMobile%252F14F89%2BSafari%252F602.1&fallback=5a85e889
/api/v1/a7b036bc/h_086fera00008?fallback=663fe974
/api/v1/81b5e821/vagu00174?fallback=61c14af7
/api/v1/a7b036bc/plb00009?fallback=663fe974
/api/v1/dee6f4ac/b170akoko01046?lang=ja&ip=180.24.165.9&ua=Mozilla%252F5.0%2B%2528iPhone%253B%2BCPU%2BiPhone%2BOS%2B10_3_2%2Blike%2BMac%2BOS%2BX%2529%2BAppleWebKit%252F602.1.50%2B%2528KHTML%252C%2Blike%2BGecko%2529%2BGSA%252F29.0.159059490%2BMobile%252F14F89%2BSafari%252F602.1&fallback=5a85e889
/api/v1/be0fb83b/ng5mRWjY3d1tFZCu?fallback=5c621cb6
/api/v1/2faf912b/WYGEyAJkVdVLgquu?fallback=010caef4
/api/v1/a7b036bc/h_1087blpr00003?fallback=663fe974
/api/v1/b0394709340611e5ae2a77088601f7fd/bid00046?lang=en&ip=85.203.47.32&ua=Mozilla%2F5.0+%28Windows+NT+10.0%3B+Win64%3B+x64%29+AppleWebKit%2F537.36+%28KHTML%2C+like+Gecko%29+Chrome%2F59.0.3071.115+Safari%2F537.36&fallback=b0391fee340611e5ae2a6f85cd1342af
/api/v1/b0394709340611e5ae2a77088601f7fd/oyc00120?lang=en&ip=107.178.46.170&ua=Mozilla%2F5.0+%28Linux%3B+Android+5.1%3B+Focus+Build%2FLMY47I%3B+es-es%29+AppleWebKit%2F537.36+%28KHTML%2C+like+Gecko%29+Chrome%2F42.0.2311.135+Mobile+Safari%2F537.36+Puffin%2F6.1.1.15962AP&fallback=b0391fee340611e5ae2a6f85cd1342af
/api/v1/81b5e821/h_094ktds00875?fallback=61c14af7
/api/v1/9e199fae/b241bktur00638?lang=ja&ip=153.230.238.57&ua=Mozilla%252F5.0%2B%2528Windows%2BNT%2B10.0%253B%2BWin64%253B%2Bx64%2529%2BAppleWebKit%252F537.36%2B%2528KHTML%252C%2Blike%2BGecko%2529%2BChrome%252F59.0.3071.115%2BSafari%252F537.36&fallback=e5e1b5ba
/api/v1/226dfb61/eqt069?fallback=d55d276c
/api/v1/a7b036bc/71gas00392?fallback=663fe974
/api/v1/81b5e821/h_1133gdju00009?fallback=61c14af7
/api/v1/81b5e821/h_491fsgd00001?fallback=61c14af7
/api/v1/8b7dc2e7/5301kikanjyu00001?fallback=lw79x5wc
/api/v1/9e199fae/b458astd00591?lang=ja&ip=126.130.148.2&ua=Mozilla%252F5.0%2B%2528Windows%2BNT%2B6.1%253B%2BWin64%253B%2Bx64%2529%2BAppleWebKit%252F537.36%2B%2528KHTML%252C%2Blike%2BGecko%2529%2BChrome%252F59.0.3071.115%2BSafari%252F537.36&fallback=e5e1b5ba
/api/v1/81b5e821/1sdmu00546?fallback=61c14af7
/api/v1/2c9c4922/hint0171?fallback=152c96c8
/api/v1/d1af04e9/80LamUQfnGaXmWx2?fallback=84f13f06
/api/v1/226dfb61/dage792?fallback=d55d276c
/api/v1/81b5e821/opud00235?fallback=61c14af7
/api/v1/9de50c7e/223705?lang=ja&ip=182.251.248.15&ua=Mozilla%2F5.0+%28Linux%3B+Android+4.4.2%3B+SOL23+Build%2F14.3.C.0.300%29+AppleWebKit%2F537.36+%28KHTML%2C+like+Gecko%29+Chrome%2F59.0.3071.125+Mobile+Safari%2F537.36
/api/v1/a7b036bc/1ntr00050?fallback=663fe974
/api/v1/09653eab/LNNdlYMV2a2MzsNH?fallback=b081e97c&lang=ja-JP&ip=118.241.132.60&ua=Mozilla%2F5.0+%28Windows+NT+10.0%3B+Win64%3B+x64%29+AppleWebKit%2F537.36+%28KHTML%2C+like+Gecko%29+Chrome%2F52.0.2743.116+Safari%2F537.36+Edge%2F15.15063
/api/v1/a7b036bc/57wssr00008?fallback=663fe974
/api/v1/2faf912b/erUahQNQfRzd0Ioz?fallback=010caef4
/api/v1/1e9e666f/8M187c5S0ewQdUom?fallback=fb5e0310
/api/v1/a7b036bc/29dmba00157?fallback=663fe974
/api/v1/a7b036bc/gdtm00006?fallback=663fe974
/api/v1/b0394709340611e5ae2a77088601f7fd/1nhdta00716?lang=en&ip=66.102.6.188&ua=Mozilla%2F5.0+%28Linux%3B+Android+7.0%3B+Hisense+F23+Build%2FNRD90M%29+AppleWebKit%2F537.36+%28KHTML%2C+like+Gecko%29+Chrome%2F59.0.3071.125+Mobile+Safari%2F537.36&fallback=b0391fee340611e5ae2a6f85cd1342af
/api/v1/a7b036bc/blk00114?fallback=663fe974
/api/v1/09653eab/Odvi3xvp7tn9Km2e?fallback=b081e97c&lang=ja&ip=111.108.70.159&ua=Mozilla%2F5.0+%28Windows+NT+10.0%3B+Win64%3B+x64%29+AppleWebKit%2F537.36+%28KHTML%2C+like+Gecko%29+Chrome%2F59.0.3071.115+Safari%2F537.36
/api/v1/a7b036bc/vec00264?fallback=663fe974
/api/v1/a7b036bc/ktkc00016?fallback=663fe974
/api/v1/a7b036bc/118edd00205?fallback=663fe974
/api/v1/39e71cb4/HnqzldlWfNQOyXTV?fallback=57458b19
/api/v1/a7b036bc/57eiki00032?fallback=663fe974
/api/v1/81b5e821/h_086jrzd00675?fallback=61c14af7
/api/v1/646e7d3b/41tmc012?fallback=4bddb815
/api/v1/81b5e821/nygw00002?fallback=61c14af7
/api/v1/a7b036bc/mibd00439?fallback=663fe974
/api/v1/a7b036bc/mkck00196?fallback=663fe974
/api/v1/dee6f4ac/b410awvzr00553?lang=ja&ip=111.239.132.196&ua=Mozilla%252F5.0%2B%2528iPhone%253B%2BCPU%2BiPhone%2BOS%2B10_3_2%2Blike%2BMac%2BOS%2BX%2529%2BAppleWebKit%252F603.2.4%2B%2528KHTML%252C%2Blike%2BGecko%2529%2BVersion%252F10.0%2BMobile%252F14F89%2BSafari%252F602.1&fallback=5a85e889
/api/v1/a7b036bc/migd00637?fallback=663fe974
/api/v1/81b5e821/juta00077?fallback=61c14af7
/api/v1/b0394709340611e5ae2a77088601f7fd/katu00006?lang=en&ip=82.145.221.61&ua=Mozilla%2F5.0+%28Linux%3B+U%3B+Android+4.2.2%3B+GT-S7272+Build%2FJDQ39%29+AppleWebKit%2F534.30+%28KHTML%2C+like+Gecko%29+Version%2F4.0+Mobile+Safari%2F534.30+OPR%2F21.0.2254.111677&fallback=b0391fee340611e5ae2a6f85cd1342af
/api/v1/9e199fae/b381aarmc02951?lang=ja&ip=202.124.14.169&ua=Mozilla%252F5.0%2B%2528Windows%2BNT%2B10.0%253B%2BWOW64%253B%2BTrident%252F7.0%253B%2BTouch%253B%2Brv%253A11.0%2529%2Blike%2BGecko&fallback=e5e1b5ba
/api/v1/9f44eab2/jufd00601?fallback=a6e813bb
/api/v1/a7b036bc/24lid00050?fallback=663fe974
/api/v1/81b5e821/h_157vrxs00128?fallback=61c14af7
/api/v1/a7b036bc/isd00095?fallback=663fe974
/api/v1/81b5e821/nmda00031?fallback=61c14af7
/api/v1/b0394709340611e5ae2a77088601f7fd/fcdc00085?lang=en&ip=66.249.82.124&ua=Mozilla%2F5.0+%28Linux%3B+Android+6.0.1%3B+SM-J710F+Build%2FMMB29K%29+AppleWebKit%2F537.36+%28KHTML%2C+like+Gecko%29+Chrome%2F57.0.2987.132+Mobile+Safari%2F537.36&fallback=b0391fee340611e5ae2a6f85cd1342af
/api/v1/a7b036bc/mksb00005?fallback=663fe974
/api/v1/81b5e821/h_113np00006?fallback=61c14af7
/api/v1/d1af04e9/M4Y8Dlt0KAVmdfOU?fallback=84f13f06
/api/v1/a7b036bc/52fe398?fallback=663fe974
/api/v1/2faf912b/Fi4mkGf3HEr0Vic4?fallback=010caef4
/api/v1/9de50c7e/320279?lang=ja&ip=182.251.251.46&ua=Mozilla%2F5.0+%28Linux%3B+Android+4.4.4%3B+KYV33+Build%2F104.0.3120%29+AppleWebKit%2F537.36+%28KHTML%2C+like+Gecko%29+Chrome%2F58.0.3029.83+Mobile+Safari%2F537.36
/api/v1/a7b036bc/118prp00003?fallback=663fe974
/api/v1/a7b036bc/h_453fpjs00095?fallback=663fe974
/api/v1/81b5e821/h_086jrzd00739?fallback=61c14af7
/api/v1/b11bb129/eiline_0071?lang=ja-JP&ip=210.138.252.36&ua=Mozilla%2F5.0+%28Windows+NT+10.0%3B+WOW64%3B+Trident%2F7.0%3B+rv%3A11.0%29+like+Gecko&fallback=ce80381b
/api/v1/81b5e821/oycvr00001?fallback=61c14af7
/api/v1/a7b036bc/78godr00819?fallback=663fe974
/api/v1/66d7619b/7uyNRshjpKDWuLh3?fallback=8fc69ce0&lang=ja&ip=124.18.16.135&ua=Mozilla%2F5.0+%28Windows+NT+10.0%3B+Win64%3B+x64%29+AppleWebKit%2F537.36+%28KHTML%2C+like+Gecko%29+Chrome%2F59.0.3071.115+Safari%2F537.36
/api/v1/10fede0d/b895ahirz00119?lang=ja&ip=182.251.249.47&ua=Mozilla%252F5.0%2B%2528iPhone%253B%2BCPU%2BiPhone%2BOS%2B10_3_2%2Blike%2BMac%2BOS%2BX%2529%2BAppleWebKit%252F603.2.4%2B%2528KHTML%252C%2Blike%2BGecko%2529%2BVersion%252F10.0%2BMobile%252F14F89%2BSafari%252F602.1
/api/v1/b0394709340611e5ae2a77088601f7fd/kiray033?lang=en&ip=39.109.124.93&ua=Mozilla%2F5.0+%28iPhone%3B+CPU+iPhone+OS+10_3_2+like+Mac+OS+X%29+AppleWebKit%2F603.2.4+%28KHTML%2C+like+Gecko%29+Version%2F10.0+Mobile%2F14F89+Safari%2F602.1&fallback=b0391fee340611e5ae2a6f85cd1342af
/api/v1/81b5e821/1dism00024?fallback=61c14af7
/api/v1/81b5e821/ap00299?fallback=61c14af7
/api/v1/d1af04e9/EvB8zFYvdIVE4B7W?fallback=84f13f06
/api/v1/84b56ed5/h_455abnomal00035?fallback=706d69be
/api/v1/b0394709340611e5ae2a77088601f7fd/bid00044?lang=en&ip=85.203.47.32&ua=Mozilla%2F5.0+%28Windows+NT+10.0%3B+Win64%3B+x64%29+AppleWebKit%2F537.36+%28KHTML%2C+like+Gecko%29+Chrome%2F59.0.3071.115+Safari%2F537.36&fallback=b0391fee340611e5ae2a6f85cd1342af
/api/v1/510a3e74/5085enfd04220?fallback=6po27f65
/api/v1/e4b90407/kTRuQQkWRvYXI73R?fallback=4c1cb464
/api/v1/a7b036bc/118yrh00141?fallback=663fe974
/api/v1/a7b036bc/cjod00092?fallback=663fe974
/api/v1/82249ea7/zPxhq0qOjUKFkbaj?fallback=c1dc0e11
/api/v1/81b5e821/h_186av00130?fallback=61c14af7
/api/v1/81b5e821/bkd00173?fallback=61c14af7
/api/v1/fc4a2f5c/S1x5aMxt4x1giEiI?fallback=5b1bbcda&lang=ja-JP&ip=219.125.227.162&ua=Mozilla%2F5.0+%28Windows+NT+6.1%3B+WOW64%3B+Trident%2F7.0%3B+rv%3A11.0%29+like+Gecko
/api/v1/a7b036bc/bmw00134?fallback=663fe974
/api/v1/dee6f4ac/b159baklo01212?lang=ja&ip=153.145.46.209&ua=Mozilla%252F5.0%2B%2528Linux%253B%2BAndroid%2B4.4.2%253B%2BSH-01F%2BBuild%252FSA130%2529%2BAppleWebKit%252F537.36%2B%2528KHTML%252C%2Blike%2BGecko%2529%2BVersion%252F4.0%2BChrome%252F30.0.0.0%2BMobile%2BSafari%252F537.36&fallback=5a85e889
/api/v1/a7b036bc/dvdms00136?fallback=663fe974
/api/v1/81b5e821/bijn00052?fallback=61c14af7
/api/v1/81b5e821/avop00226?fallback=61c14af7
/api/v1/2faf912b/hOW17ZjFVKCs6EKy?fallback=010caef4
/api/v1/a7b036bc/h_068mxgs00963?fallback=663fe974
/api/v1/b0394709340611e5ae2a77088601f7fd/1jfyg00040?lang=en&ip=202.161.82.114&ua=Mozilla%2F5.0+%28Macintosh%3B+Intel+Mac+OS+X+10_9_5%29+AppleWebKit%2F537.36+%28KHTML%2C+like+Gecko%29+Chrome%2F59.0.3071.115+Safari%2F537.36&fallback=b0391fee340611e5ae2a6f85cd1342af
/api/v1/a7b036bc/71gas00165?fallback=663fe974
/api/v1/81b5e821/juy00012?fallback=61c14af7
/api/v1/b0394709340611e5ae2a77088601f7fd/18otkr00010?lang=en&ip=68.68.96.69&ua=Mozilla%2F5.0+%28Linux%3B+Android+4.4.2%3B+ASUS_T00I+Build%2FKVT49L%29+AppleWebKit%2F537.36+%28KHTML%2C+like+Gecko%29+Chrome%2F59.0.3071.125+Mobile+Safari%2F537.36&fallback=b0391fee340611e5ae2a6f85cd1342af
/api/v1/a7b036bc/17awd00087?fallback=663fe974
/api/v1/fc4a2f5c/LcOBYC0abcdrOolJ?fallback=5b1bbcda&lang=ja-JP&ip=27.139.142.229&ua=Mozilla%2F5.0+%28Windows+NT+10.0%3B+Win64%3B+x64%29+AppleWebKit%2F537.36+%28KHTML%2C+like+Gecko%29+Chrome%2F52.0.2743.116+Safari%2F537.36+Edge%2F15.15063
/api/v1/2c9c4922/miid056?fallback=152c96c8
/api/v1/81b5e821/12bur00387?fallback=61c14af7
/api/v1/81b5e821/48shpdv30?fallback=61c14af7
/api/v1/2c9c4922/h_995bokd00042?fallback=152c96c8
/api/v1/2faf912b/LH0dXDIK9GGGanJ2?fallback=010caef4
/api/v1/81b5e821/h_086jrzd00549?fallback=61c14af7
/api/v1/nup6shg6/snis00149?fallback=7yw50ty5
/api/v1/81b5e821/dsd00655?fallback=61c14af7
/api/v1/4346829d/GoPVd5lhMpi9YnEo?fallback=bfdb4e0d
/api/v1/a7b036bc/55adi00002?fallback=663fe974
/api/v1/226dfb61/eqt042?fallback=d55d276c
/api/v1/a7b036bc/ure00039?fallback=663fe974
/api/v1/2faf912b/37TRXOHT6EJr4yxY?fallback=010caef4
/api/v1/81b5e821/h_127ysn00406?fallback=61c14af7
/api/v1/81b5e821/118abp00598?fallback=61c14af7
/api/v1/09653eab/Idp7O1enVfAxEaC1?fallback=b081e97c&lang=ja&ip=180.47.153.171&ua=Mozilla%2F5.0+%28Windows+NT+10.0%3B+Win64%3B+x64%3B+rv%3A54.0%29+Gecko%2F20100101+Firefox%2F54.0
/api/v1/2c9c4922/h_240cc151?fallback=152c96c8
/api/v1/b0394709340611e5ae2a77088601f7fd/mimk00048?lang=en&ip=110.54.196.1&ua=Mozilla%2F5.0+%28Linux%3B+Android+4.4.2%3B+ASUS_T00K+Build%2FKVT49L%29+AppleWebKit%2F537.36+%28KHTML%2C+like+Gecko%29+Chrome%2F53.0.2785.124+Mobile+Safari%2F537.36&fallback=b0391fee340611e5ae2a6f85cd1342af
/api/v1/a7b036bc/118abp00525?fallback=663fe974
/api/v1/81b5e821/meyd00248?fallback=61c14af7
/api/v1/991fd7c2/55t2800449?fallback=647506ff
/api/v1/a7b036bc/1dvdms00027?fallback=663fe974
/api/v1/777375aa/467656?fallback=c825fcdb
/api/v1/9e199fae/b073bktcm00287?lang=ja&ip=125.170.220.155&ua=Mozilla%252F5.0%2B%2528Windows%2BNT%2B6.3%253B%2BWin64%253B%2Bx64%2529%2BAppleWebKit%252F537.36%2B%2528KHTML%252C%2Blike%2BGecko%2529%2BChrome%252F59.0.3071.115%2BSafari%252F537.36&fallback=e5e1b5ba
/api/v1/d1af04e9/iohcgeWyjyYjnZU7?fallback=84f13f06
/api/v1/a7b036bc/wanz00468?fallback=663fe974
/api/v1/81b5e821/snis00932?fallback=61c14af7
/api/v1/2c9c4922/1sdde00315?fallback=152c96c8
/api/v1/81b5e821/15ald00536?fallback=61c14af7
/api/v1/47fd24f5/OXRyhsfJcy6Wxzjg?fallback=909b136b
/api/v1/2c9c4922/148dgkd00267s?fallback=152c96c8
/api/v1/d1af04e9/gLVWQa0GsGHhn1ll?fallback=84f13f06
/api/v1/2c9c4922/rbd00240?fallback=152c96c8
/api/v1/a7b036bc/1dandy00146?fallback=663fe974
/api/v1/81b5e821/cjod00010?fallback=61c14af7
/api/v1/a7b036bc/pbd00130?fallback=663fe974
/api/v1/81b5e821/57bdsr00078?fallback=61c14af7
/api/v1/81b5e821/h_918tad00003?fallback=61c14af7
/api/v1/81b5e821/nsps00606?fallback=61c14af7
/api/v1/a7b036bc/84kmvr00202?fallback=663fe974
/api/v1/81b5e821/kird068?fallback=61c14af7
/api/v1/fc4a2f5c/jtzpeKka2BmQ0cPU?fallback=5b1bbcda&lang=ja&ip=122.131.136.117&ua=Mozilla%2F5.0+%28Windows+NT+10.0%3B+Win64%3B+x64%29+AppleWebKit%2F537.36+%28KHTML%2C+like+Gecko%29+Chrome%2F59.0.3071.115+Safari%2F537.36
/api/v1/84b56ed5/1rctd00001?fallback=706d69be
/api/v1/b0394709340611e5ae2a77088601f7fd/h_307rayg00018?lang=en&ip=107.77.97.30&ua=Mozilla%2F5.0+%28iPhone%3B+CPU+iPhone+OS+10_3_2+like+Mac+OS+X%29+AppleWebKit%2F603.2.4+%28KHTML%2C+like+Gecko%29+Version%2F10.0+Mobile%2F14F89+Safari%2F602.1&fallback=b0391fee340611e5ae2a6f85cd1342af
/api/v1/2c9c4922/60srxv105?fallback=152c96c8
/api/v1/81b5e821/24avop00172?fallback=61c14af7
/api/v1/9e199fae/b158aakn00403?lang=ja&ip=121.84.14.29&ua=Mozilla%252F5.0%2B%2528iPad%253B%2BCPU%2BOS%2B10_3_2%2Blike%2BMac%2BOS%2BX%2529%2BAppleWebKit%252F603.2.4%2B%2528KHTML%252C%2Blike%2BGecko%2529%2BVersion%252F10.0%2BMobile%252F14F90%2BSafari%252F602.1&fallback=e5e1b5ba
/api/v1/a7b036bc/1sdmu00494?fallback=663fe974
/api/v1/d1af04e9/uWqlnEPYvbvyer3C?fallback=84f13f06
/api/v1/dee6f4ac/b170akoko01046?lang=ja&ip=58.190.80.6&ua=Mozilla%252F5.0%2B%2528iPhone%253B%2BCPU%2BiPhone%2BOS%2B10_3_2%2Blike%2BMac%2BOS%2BX%2529%2BAppleWebKit%252F603.2.4%2B%2528KHTML%252C%2Blike%2BGecko%2529%2BVersion%252F10.0%2BMobile%252F14F89%2BSafari%252F602.1&fallback=5a85e889
/api/v1/b11bb129/cyber_0032?lang=ja&ip=121.110.82.165&ua=Mozilla%2F5.0+%28Windows+NT+6.3%3B+Win64%3B+x64%29+AppleWebKit%2F537.36+%28KHTML%2C+like+Gecko%29+Chrome%2F59.0.3071.115+Safari%2F537.36&fallback=ce80381b
/api/v1/a7b036bc/h_796mot00059?fallback=663fe974
/api/v1/81b5e821/ofje00104?fallback=61c14af7
/api/v1/a7b036bc/h_897twt00004?fallback=663fe974
/api/v1/a7b036bc/finh00036?fallback=663fe974
/api/v1/fc4a2f5c/qvyhFPI3qS2BNRYU?fallback=5b1bbcda&lang=ja&ip=210.196.159.173&ua=Mozilla%2F5.0+%28Windows+NT+6.3%3B+Win64%3B+x64%29+AppleWebKit%2F537.36+%28KHTML%2C+like+Gecko%29+Chrome%2F59.0.3071.115+Safari%2F537.36
/api/v1/81b5e821/1sdmu00628?fallback=61c14af7
/api/v1/81b5e821/41wkt00002?fallback=61c14af7
/api/v1/47fd24f5/7KrPuM3zRzHIoByU?fallback=909b136b
/api/v1/a7b036bc/mide00287?fallback=663fe974
/api/v1/a7b036bc/pgd00900?fallback=663fe974
/api/v1/81b5e821/125ud00696r?fallback=61c14af7
/api/v1/09653eab/AcSsQygYsmK5U8lO?fallback=b081e97c&lang=ja&ip=126.31.94.169&ua=Mozilla%2F5.0+%28Windows+NT+6.3%3B+Win64%3B+x64%29+AppleWebKit%2F537.36+%28KHTML%2C+like+Gecko%29+Chrome%2F59.0.3071.115+Safari%2F537.36
/api/v1/a7b036bc/rki00265?fallback=663fe974
/api/v1/2faf912b/RzLFMVoW4n6ju6xz?fallback=010caef4
/api/v1/2c9c4922/53ka1419?fallback=152c96c8
/api/v1/a7b036bc/eyan00022?fallback=663fe974
/api/v1/2c9c4922/149rd00460?fallback=152c96c8
/api/v1/81b5e821/gdhh00062?fallback=61c14af7
/api/v1/a7b036bc/84mkmp00164?fallback=663fe974
/api/v1/81b5e821/118abp00384?fallback=61c14af7
/api/v1/81b5e821/xvsr00218?fallback=61c14af7
/api/v1/078d5dc7/JmTLrffevtFcfPag?fallback=86abf6bf&lang=zh-CN&ip=203.104.192.36&ua=Mozilla%2F5.0+%28Windows+NT+6.1%3B+WOW64%29+AppleWebKit%2F537.36+%28KHTML%2C+like+Gecko%29+Chrome%2F61.0.3141.7+Safari%2F537.36
/api/v1/81b5e821/1sdab00006?fallback=61c14af7
/api/v1/81b5e821/118yrh00125?fallback=61c14af7
/api/v1/84b56ed5/jufd00578?fallback=706d69be
/api/v1/81b5e821/ipz00976?fallback=61c14af7
/api/v1/a7b036bc/h_157kido00003?fallback=663fe974
/api/v1/81b5e821/ap00311?fallback=61c14af7
/api/v1/9de50c7e/366735?lang=ja&ip=118.106.122.219&ua=Mozilla%2F5.0+%28Linux%3B+Android+4.4.2%3B+SO-02E+Build%2F10.5.1.B.0.155%3B+ja-jp%29+AppleWebKit%2F537.36+%28KHTML%2C+like+Gecko%29+Chrome%2F42.0.2311.135+Mobile+Safari%2F537.36+Puffin%2F6.0.9.15863AP
/api/v1/81b5e821/h_618mkz00008?fallback=61c14af7
/api/v1/fc4a2f5c/U6QhPa7xRQrnwq9l?fallback=5b1bbcda&lang=ja&ip=218.216.73.242&ua=Mozilla%2F5.0+%28Windows+NT+6.1%3B+Win64%3B+x64%29+AppleWebKit%2F537.36+%28KHTML%2C+like+Gecko%29+Chrome%2F59.0.3071.115+Safari%2F537.36
/api/v1/d1af04e9/QwDwj5iurS2CuWpN?fallback=84f13f06
/api/v1/a7b036bc/1sdmu00096?fallback=663fe974
/api/v1/b0394709340611e5ae2a77088601f7fd/h_113cb00016?lang=en&ip=84.131.82.145&ua=Mozilla%2F5.0+%28Macintosh%3B+Intel+Mac+OS+X+10_12_5%29+AppleWebKit%2F603.2.4+%28KHTML%2C+like+Gecko%29+Version%2F10.1.1+Safari%2F603.2.4&fallback=b0391fee340611e5ae2a6f85cd1342af
/api/v1/81b5e821/dasd00316?fallback=61c14af7
/api/v1/a7b036bc/fpfl001?fallback=663fe974
/api/v1/81b5e821/snis00684?fallback=61c14af7
/api/v1/d1af04e9/VabHxFBZ6hvT1l8G?fallback=84f13f06
/api/v1/a7b036bc/1dvdes00932?fallback=663fe974
/api/v1/dee6f4ac/b289amris01667?lang=ja&ip=126.77.118.153&ua=Mozilla%252F5.0%2B%2528iPhone%253B%2BCPU%2BiPhone%2BOS%2B10_3_2%2Blike%2BMac%2BOS%2BX%2529%2BAppleWebKit%252F603.2.4%2B%2528KHTML%252C%2Blike%2BGecko%2529%2BMobile%252F14F89%2BYJApp-IOS%2Bjp.co.yahoo.ipn.appli%252F4.7.2&fallback=5a85e889
/api/v1/1e9e666f/tFUI2zEbeDuwtauY?fallback=fb5e0310
/api/v1/a7b036bc/1sdmu00508?fallback=663fe974
/api/v1/a7b036bc/86axdvd00145r?fallback=663fe974
/api/v1/81b5e821/ktkp00075?fallback=61c14af7
/api/v1/81b5e821/504ibw00601z?fallback=61c14af7
/api/v1/9de50c7e/534991?lang=ja&ip=182.250.243.36&ua=Mozilla%2F5.0+%28Macintosh%3B+Intel+Mac+OS+X+10_10_4%29+AppleWebKit%2F600.7.12+%28KHTML%2C+like+Gecko%29+Version%2F8.0.7+Safari%2F600.7.12
/api/v1/a7b036bc/migd00747?fallback=663fe974
/api/v1/9e199fae/dmmmg_0503?lang=ja&ip=111.239.98.242&ua=Mozilla%252F5.0%2B%2528Windows%2BNT%2B6.3%253B%2BWin64%253B%2Bx64%253B%2BTrident%252F7.0%253B%2Brv%253A11.0%2529%2Blike%2BGecko&fallback=e5e1b5ba
/api/v1/2faf912b/7uPZrgcl1Ghxss4N?fallback=010caef4
/api/v1/a7b036bc/h_910vrtm00039?fallback=663fe974
/api/v1/81b5e821/504ibw00359?fallback=61c14af7
/api/v1/f2616b1e/kX8Ff7YrY8rDlQ70?fallback=ef5684dd
/api/v1/f776353c/1nhdta00924?fallback=ronxqrae
/api/v1/81b5e821/club00303?fallback=61c14af7
/api/v1/81b5e821/11arm00183?fallback=61c14af7
/api/v1/82249ea7/8lwatbZUndm8yOHW?fallback=c1dc0e11
/api/v1/b0394709340611e5ae2a77088601f7fd/soe087?lang=zh&ip=45.76.48.102&ua=Mozilla%2F5.0+%28iPhone%3B+CPU+iPhone+OS+10_3_2+like+Mac+OS+X%29+AppleWebKit%2F603.2.4+%28KHTML%2C+like+Gecko%29+Version%2F10.0+Mobile%2F14F89+Safari%2F602.1&fallback=b0391fee340611e5ae2a6f85cd1342af
/api/v1/a7b036bc/rbb00083?fallback=663fe974
/api/v1/81b5e821/atfb00009?fallback=61c14af7
/api/v1/a7b036bc/mum00268?fallback=663fe974
/api/v1/nup6shg6/mdyd00917?fallback=7yw50ty5
/api/v1/a7b036bc/ure00014?fallback=663fe974
/api/v1/81b5e821/1rct00925?fallback=61c14af7
/api/v1/d1af04e9/EhHPf8bcLaQpGTGc?fallback=84f13f06
/api/v1/d1af04e9/fliXTA44u6pOK4CP?fallback=84f13f06
/api/v1/d1af04e9/I5zP17O4CF3PtdMB?fallback=84f13f06
/api/v1/a7b036bc/ipz00984?fallback=663fe974
/api/v1/81b5e821/ipz00883?fallback=61c14af7
/api/v1/a7b036bc/h_346rebdb00233?fallback=663fe974
/api/v1/a7b036bc/h_086cvdx00266?fallback=663fe974
/api/v1/2faf912b/g7xtqsBdljnAYAph?fallback=010caef4
/api/v1/a7b036bc/tek00089?fallback=663fe974
/api/v1/2faf912b/d7sHHbbzP6Mg545c?fallback=010caef4
/api/v1/81b5e821/muml00019?fallback=61c14af7
/api/v1/d1af04e9/wPLbNGmzhezPEkud?fallback=84f13f06
/api/v1/81b5e821/snis00840?fallback=61c14af7
/api/v1/b11bb129/alb_0053?lang=ja-JP&ip=180.25.70.55&ua=Mozilla%2F5.0+%28Windows+NT+6.1%3B+Win64%3B+x64%29+AppleWebKit%2F537.36+%28KHTML%2C+like+Gecko%29+Chrome%2F59.0.3071.115+Safari%2F537.36&fallback=ce80381b
/api/v1/2faf912b/ujAm6AW4QvZCPUi4?fallback=010caef4
/api/v1/fc4a2f5c/vIlkZTrzvTuknRLO?fallback=5b1bbcda&lang=ja&ip=153.135.134.225&ua=Mozilla%2F5.0+%28Windows+NT+10.0%3B+Win64%3B+x64%29+AppleWebKit%2F537.36+%28KHTML%2C+like+Gecko%29+Chrome%2F59.0.3071.115+Safari%2F537.36
/api/v1/81b5e821/h_1111camk00054?fallback=61c14af7
/api/v1/a7b036bc/hjbb00091?fallback=663fe974
/api/v1/368e719d/BJvH4scSiubDmikU?lang=ja&ip=219.43.135.32&ua=Mozilla%2F5.0+%28Windows+NT+10.0%3B+Win64%3B+x64%29+AppleWebKit%2F537.36+%28KHTML%2C+like+Gecko%29+Chrome%2F59.0.3071.115+Safari%2F537.36&fallback=8b66c349
/api/v1/d1af04e9/kUZmvO5AUuYoMQC8?fallback=84f13f06
/api/v1/81b5e821/49gr36?fallback=61c14af7
/api/v1/a7b036bc/voss00041?fallback=663fe974
/api/v1/5bca64dc/27tRwgESL7UzWSQF?fallback=4e55daed&lang=ja&ip=106.160.151.154&ua=Mozilla%2F5.0+%28Windows+NT+6.1%3B+Win64%3B+x64%29+AppleWebKit%2F537.36+%28KHTML%2C+like+Gecko%29+Chrome%2F58.0.3029.96+Safari%2F537.36
/api/v1/a7b036bc/1dism00012?fallback=663fe974
/api/v1/39e71cb4/53pg4Rkopmz3xbz7?fallback=57458b19
/api/v1/81b5e821/nbd00045?fallback=61c14af7
/api/v1/47fd24f5/ktJYFZU1Xfp26ED5?fallback=909b136b
/api/v1/a7b036bc/hnd00143?fallback=663fe974
/api/v1/a7b036bc/nnpj00230?fallback=663fe974
/api/v1/0e0f45d1/2kV2q5v4Ig0aRmhV?lang=ja&ip=27.87.255.159&ua=Mozilla%2F5.0+%28Windows+NT+10.0%3B+Win64%3B+x64%29+AppleWebKit%2F537.36+%28KHTML%2C+like+Gecko%29+Chrome%2F59.0.3071.115+Safari%2F537.36&fallback=
/api/v1/cd953a32/2kV2q5v4Ig0aRmhV?lang=ja&ip=27.87.255.159&ua=Mozilla%2F5.0+%28Windows+NT+10.0%3B+Win64%3B+x64%29+AppleWebKit%2F537.36+%28KHTML%2C+like+Gecko%29+Chrome%2F59.0.3071.115+Safari%2F537.36&fallback=f5354ba9
/api/v1/nup6shg6/3wfs00013?fallback=7yw50ty5
/api/v1/a7b036bc/1dism00025?fallback=663fe974
/api/v1/a7b036bc/herw00029?fallback=663fe974
/api/v1/a7b036bc/1faa00183?fallback=663fe974
/api/v1/81b5e821/h_086yaga00002?fallback=61c14af7
/api/v1/d1af04e9/ZS5N0GsFHtwDYLRd?fallback=84f13f06
/api/v1/81b5e821/wanz00643?fallback=61c14af7
/api/v1/a7b036bc/1nhdta00123?fallback=663fe974
/api/v1/81b5e821/118szr00004?fallback=61c14af7
/api/v1/9e199fae/b396aetnl00084?lang=ja&ip=150.246.64.193&ua=Mozilla%252F5.0%2B%2528Macintosh%253B%2BIntel%2BMac%2BOS%2BX%2B10.11%253B%2Brv%253A54.0%2529%2BGecko%252F20100101%2BFirefox%252F54.0&fallback=e5e1b5ba
/api/v1/a7b036bc/h_213eleg00015?fallback=663fe974
/api/v1/a7b036bc/18yrmn00010?fallback=663fe974
/api/v1/226dfb61/boinbb249?fallback=d55d276c
/api/v1/81b5e821/h_114fcdc00045?fallback=61c14af7
/api/v1/a7b036bc/cesd00397?fallback=663fe974
/api/v1/fc4a2f5c/O8JLJtzqYFMOcF5c?fallback=5b1bbcda&lang=ja&ip=121.107.112.40&ua=Mozilla%2F5.0+%28Windows+NT+6.1%3B+Win64%3B+x64%29+AppleWebKit%2F537.36+%28KHTML%2C+like+Gecko%29+Chrome%2F59.0.3071.115+Safari%2F537.36
/api/v1/a7b036bc/hnd00312?fallback=663fe974
/api/v1/d1af04e9/UbN9FX5fPdkX3iCI?fallback=84f13f06
/api/v1/a7b036bc/118abp00603?fallback=663fe974
/api/v1/09653eab/KVfBLb7Ofket3EAs?fallback=b081e97c&lang=ja&ip=126.74.91.50&ua=Mozilla%2F5.0+%28Windows+NT+10.0%3B+WOW64%3B+rv%3A54.0%29+Gecko%2F20100101+Firefox%2F54.0
/api/v1/226dfb61/state016?fallback=d55d276c
/api/v1/81b5e821/dxmg00031?fallback=61c14af7
/api/v1/d1af04e9/SUXrGZx89qJ58d4P?fallback=84f13f06
/api/v1/2faf912b/79OQIlOXGeTHUfoh?fallback=010caef4
/api/v1/646e7d3b/2www00040?fallback=4bddb815
/api/v1/81b5e821/avkh00069?fallback=61c14af7
/api/v1/4d8ywnb1/nsps00475?fallback=31olw8v8
/api/v1/a7b036bc/17pap00008?fallback=663fe974
/api/v1/2faf912b/Q9nbxOHzE1jzFgEn?fallback=010caef4
/api/v1/a7b036bc/118abp00438?fallback=663fe974
/api/v1/646e7d3b/104bosd03?fallback=4bddb815
/api/v1/2faf912b/noSI4CTDPmL0SJSD?fallback=010caef4
/api/v1/2c9c4922/parat00834?fallback=152c96c8
/api/v1/a7b036bc/vagu00076?fallback=663fe974
/api/v1/81b5e821/yrmn00004?fallback=61c14af7
/api/v1/a7b036bc/ipz00919?fallback=663fe974
/api/v1/2c9c4922/ebod00081?fallback=152c96c8
/api/v1/81b5e821/jufd00767?fallback=61c14af7
/api/v1/d1af04e9/V6bVnIaNH8PJqKmU?fallback=84f13f06
/api/v1/a7b036bc/h_1001oyaj00144?fallback=663fe974
/api/v1/a7b036bc/mmb00128?fallback=663fe974
/api/v1/a7b036bc/41fkt00011?fallback=663fe974
/api/v1/2c9c4922/emab00005?fallback=152c96c8